2020-09-13 23:22:48,234:INFO:PyCaret Regression Module
2020-09-13 23:22:48,235:INFO:version 2.1.2
2020-09-13 23:22:48,235:INFO:Initializing setup()
2020-09-13 23:22:48,235:INFO:USI: 6c91
2020-09-13 23:22:48,235:INFO:setup(data=(1338, 7), target=charges, train_size=0.7, sampling=True, sample_estimator=None, categorical_features=None, categorical_imputation=constant, ordinal_features=None,
                    high_cardinality_features=None, high_cardinality_method=frequency, numeric_features=None, numeric_imputation=mean, date_features=None, ignore_features=None, normalize=True,
                    normalize_method=zscore, transformation=False, transformation_method=yeo-johnson, handle_unknown_categorical=True, unknown_categorical_method=least_frequent, pca=False, pca_method=linear,
                    pca_components=None, ignore_low_variance=False, combine_rare_levels=False, rare_level_threshold=0.1, bin_numeric_features=['age', 'bmi'], remove_outliers=False, outliers_threshold=0.05,
                    remove_multicollinearity=False, multicollinearity_threshold=0.9, remove_perfect_collinearity=False, create_clusters=False, cluster_iter=20,
                    polynomial_features=True, polynomial_degree=2, trigonometry_features=True, polynomial_threshold=0.1, group_features=None,
                    group_names=None, feature_selection=False, feature_selection_threshold=0.8, feature_interaction=True, feature_ratio=False, interaction_threshold=0.01, transform_target=False,
                    transform_target_method=box-cox, data_split_shuffle=True, folds_shuffle=False, n_jobs=-1, html=True, session_id=123, log_experiment=False,
                    experiment_name=None, log_plots=False, log_profile=False, log_data=False, silent=False, verbose=True, profile=False)
2020-09-13 23:22:48,378:INFO:Checking environment
2020-09-13 23:22:48,378:INFO:python_version: 3.7.6
2020-09-13 23:22:48,378:INFO:python_build: ('default', 'Jan  8 2020 20:23:39')
2020-09-13 23:22:48,378:INFO:machine: AMD64
2020-09-13 23:22:48,379:INFO:platform: Windows-10-10.0.17134-SP0
2020-09-13 23:22:48,397:INFO:Memory: svmem(total=17057234944, available=8868036608, percent=48.0, used=8189198336, free=8868036608)
2020-09-13 23:22:48,397:INFO:Physical Core: 4
2020-09-13 23:22:48,397:INFO:Logical Core: 8
2020-09-13 23:22:48,397:INFO:Checking libraries
2020-09-13 23:22:48,397:INFO:pd==1.0.5
2020-09-13 23:22:48,397:INFO:numpy==1.18.1
2020-09-13 23:22:48,941:INFO:sklearn==0.23.1
2020-09-13 23:22:49,397:INFO:xgboost==0.90
2020-09-13 23:22:49,635:INFO:lightgbm==2.3.1
2020-09-13 23:22:49,716:INFO:catboost==0.24.1
2020-09-13 23:22:53,756:INFO:mlflow==1.11.0
2020-09-13 23:22:53,757:INFO:Checking Exceptions
2020-09-13 23:22:53,757:INFO:Preloading libraries
2020-09-13 23:22:53,757:INFO:Preparing display monitor
2020-09-13 23:22:53,779:INFO:Importing libraries
2020-09-13 23:23:01,466:INFO:Declaring global variables
2020-09-13 23:23:01,466:INFO:Copying data for preprocessing
2020-09-13 23:23:01,497:INFO:Declaring preprocessing parameters
2020-09-13 23:23:01,498:INFO:Importing preprocessing module
2020-09-13 23:23:08,037:INFO:Creating preprocessing pipeline
2020-09-13 23:24:14,751:INFO:Preprocessing pipeline created successfully
2020-09-13 23:24:14,751:INFO:No inverse transformer found
2020-09-13 23:24:14,752:INFO:Creating grid variables
2020-09-13 23:24:14,755:INFO:Creating global containers
2020-09-13 23:24:14,911:INFO:create_model_container: 0
2020-09-13 23:24:14,911:INFO:master_model_container: 0
2020-09-13 23:24:14,912:INFO:display_container: 0
2020-09-13 23:24:14,912:INFO:setup() succesfully completed......................................
2020-09-13 23:27:47,127:INFO:Initializing compare_models()
2020-09-13 23:27:47,127:INFO:compare_models(exclude=None, include=None, fold=10, round=4, sort=R2, n_select=1, turbo=True, verbose=True)
2020-09-13 23:27:47,127:INFO:Checking exceptions
2020-09-13 23:27:47,127:INFO:Preloading libraries
2020-09-13 23:27:47,127:INFO:Preparing display monitor
2020-09-13 23:27:47,169:INFO:Copying training dataset
2020-09-13 23:27:47,171:INFO:Importing libraries
2020-09-13 23:27:47,703:INFO:Importing untrained models
2020-09-13 23:27:47,704:INFO:Import successful
2020-09-13 23:27:47,714:INFO:Defining folds
2020-09-13 23:27:47,715:INFO:Declaring metric variables
2020-09-13 23:27:47,715:INFO:Initializing Linear Regression
2020-09-13 23:27:47,728:INFO:Initializing Fold 1
2020-09-13 23:27:47,729:INFO:Total runtime is 0.00023318926493326824 minutes
2020-09-13 23:27:47,742:INFO:Fitting Model
2020-09-13 23:27:48,229:INFO:Evaluating Metrics
2020-09-13 23:27:48,232:INFO:No inverse transformer found
2020-09-13 23:27:48,232:INFO:Compiling Metrics
2020-09-13 23:27:48,246:INFO:Initializing Fold 2
2020-09-13 23:27:48,247:INFO:Total runtime is 0.008861557642618815 minutes
2020-09-13 23:27:48,260:INFO:Fitting Model
2020-09-13 23:27:48,269:INFO:Evaluating Metrics
2020-09-13 23:27:48,275:INFO:No inverse transformer found
2020-09-13 23:27:48,275:INFO:Compiling Metrics
2020-09-13 23:27:48,290:INFO:Initializing Fold 3
2020-09-13 23:27:48,291:INFO:Total runtime is 0.009594452381134032 minutes
2020-09-13 23:27:48,304:INFO:Fitting Model
2020-09-13 23:27:48,314:INFO:Evaluating Metrics
2020-09-13 23:27:48,319:INFO:No inverse transformer found
2020-09-13 23:27:48,319:INFO:Compiling Metrics
2020-09-13 23:27:48,335:INFO:Initializing Fold 4
2020-09-13 23:27:48,337:INFO:Total runtime is 0.010360685984293619 minutes
2020-09-13 23:27:48,348:INFO:Fitting Model
2020-09-13 23:27:48,355:INFO:Evaluating Metrics
2020-09-13 23:27:48,359:INFO:No inverse transformer found
2020-09-13 23:27:48,359:INFO:Compiling Metrics
2020-09-13 23:27:48,373:INFO:Initializing Fold 5
2020-09-13 23:27:48,374:INFO:Total runtime is 0.010976998011271158 minutes
2020-09-13 23:27:48,387:INFO:Fitting Model
2020-09-13 23:27:48,396:INFO:Evaluating Metrics
2020-09-13 23:27:48,399:INFO:No inverse transformer found
2020-09-13 23:27:48,399:INFO:Compiling Metrics
2020-09-13 23:27:48,415:INFO:Initializing Fold 6
2020-09-13 23:27:48,416:INFO:Total runtime is 0.011676601568857827 minutes
2020-09-13 23:27:48,427:INFO:Fitting Model
2020-09-13 23:27:48,436:INFO:Evaluating Metrics
2020-09-13 23:27:48,441:INFO:No inverse transformer found
2020-09-13 23:27:48,442:INFO:Compiling Metrics
2020-09-13 23:27:48,455:INFO:Initializing Fold 7
2020-09-13 23:27:48,456:INFO:Total runtime is 0.01234288215637207 minutes
2020-09-13 23:27:48,468:INFO:Fitting Model
2020-09-13 23:27:48,477:INFO:Evaluating Metrics
2020-09-13 23:27:48,481:INFO:No inverse transformer found
2020-09-13 23:27:48,482:INFO:Compiling Metrics
2020-09-13 23:27:48,495:INFO:Initializing Fold 8
2020-09-13 23:27:48,496:INFO:Total runtime is 0.013009166717529295 minutes
2020-09-13 23:27:48,509:INFO:Fitting Model
2020-09-13 23:27:48,516:INFO:Evaluating Metrics
2020-09-13 23:27:48,521:INFO:No inverse transformer found
2020-09-13 23:27:48,521:INFO:Compiling Metrics
2020-09-13 23:27:48,534:INFO:Initializing Fold 9
2020-09-13 23:27:48,535:INFO:Total runtime is 0.013658785820007322 minutes
2020-09-13 23:27:48,548:INFO:Fitting Model
2020-09-13 23:27:48,558:INFO:Evaluating Metrics
2020-09-13 23:27:48,562:INFO:No inverse transformer found
2020-09-13 23:27:48,562:INFO:Compiling Metrics
2020-09-13 23:27:48,576:INFO:Initializing Fold 10
2020-09-13 23:27:48,577:INFO:Total runtime is 0.014358393351236978 minutes
2020-09-13 23:27:48,588:INFO:Fitting Model
2020-09-13 23:27:48,596:INFO:Evaluating Metrics
2020-09-13 23:27:48,600:INFO:No inverse transformer found
2020-09-13 23:27:48,601:INFO:Compiling Metrics
2020-09-13 23:27:48,616:INFO:Calculating mean and std
2020-09-13 23:27:48,617:INFO:Creating metrics dataframe
2020-09-13 23:27:48,640:INFO:Initializing Lasso Regression
2020-09-13 23:27:48,652:INFO:Initializing Fold 1
2020-09-13 23:27:48,653:INFO:Total runtime is 0.015624328454335529 minutes
2020-09-13 23:27:48,664:INFO:Fitting Model
2020-09-13 23:27:48,817:INFO:Evaluating Metrics
2020-09-13 23:27:48,822:INFO:No inverse transformer found
2020-09-13 23:27:48,822:INFO:Compiling Metrics
2020-09-13 23:27:48,835:INFO:Initializing Fold 2
2020-09-13 23:27:48,836:INFO:Total runtime is 0.01867256959279378 minutes
2020-09-13 23:27:48,847:INFO:Fitting Model
2020-09-13 23:27:48,912:INFO:Evaluating Metrics
2020-09-13 23:27:48,917:INFO:No inverse transformer found
2020-09-13 23:27:48,917:INFO:Compiling Metrics
2020-09-13 23:27:48,929:INFO:Initializing Fold 3
2020-09-13 23:27:48,931:INFO:Total runtime is 0.020254989465077713 minutes
2020-09-13 23:27:48,940:INFO:Fitting Model
2020-09-13 23:27:49,023:INFO:Evaluating Metrics
2020-09-13 23:27:49,028:INFO:No inverse transformer found
2020-09-13 23:27:49,028:INFO:Compiling Metrics
2020-09-13 23:27:49,043:INFO:Initializing Fold 4
2020-09-13 23:27:49,045:INFO:Total runtime is 0.022153894106547032 minutes
2020-09-13 23:27:49,055:INFO:Fitting Model
2020-09-13 23:27:49,113:INFO:Evaluating Metrics
2020-09-13 23:27:49,116:INFO:No inverse transformer found
2020-09-13 23:27:49,116:INFO:Compiling Metrics
2020-09-13 23:27:49,126:INFO:Initializing Fold 5
2020-09-13 23:27:49,127:INFO:Total runtime is 0.02353643178939819 minutes
2020-09-13 23:27:49,139:INFO:Fitting Model
2020-09-13 23:27:49,210:INFO:Evaluating Metrics
2020-09-13 23:27:49,213:INFO:No inverse transformer found
2020-09-13 23:27:49,213:INFO:Compiling Metrics
2020-09-13 23:27:49,222:INFO:Initializing Fold 6
2020-09-13 23:27:49,223:INFO:Total runtime is 0.025135517120361325 minutes
2020-09-13 23:27:49,235:INFO:Fitting Model
2020-09-13 23:27:49,298:INFO:Evaluating Metrics
2020-09-13 23:27:49,302:INFO:No inverse transformer found
2020-09-13 23:27:49,302:INFO:Compiling Metrics
2020-09-13 23:27:49,317:INFO:Initializing Fold 7
2020-09-13 23:27:49,318:INFO:Total runtime is 0.02671792904535929 minutes
2020-09-13 23:27:49,330:INFO:Fitting Model
2020-09-13 23:27:49,395:INFO:Evaluating Metrics
2020-09-13 23:27:49,400:INFO:No inverse transformer found
2020-09-13 23:27:49,400:INFO:Compiling Metrics
2020-09-13 23:27:49,416:INFO:Initializing Fold 8
2020-09-13 23:27:49,417:INFO:Total runtime is 0.028366982936859127 minutes
2020-09-13 23:27:49,430:INFO:Fitting Model
2020-09-13 23:27:49,489:INFO:Evaluating Metrics
2020-09-13 23:27:49,494:INFO:No inverse transformer found
2020-09-13 23:27:49,494:INFO:Compiling Metrics
2020-09-13 23:27:49,510:INFO:Initializing Fold 9
2020-09-13 23:27:49,511:INFO:Total runtime is 0.029932761192321775 minutes
2020-09-13 23:27:49,521:INFO:Fitting Model
2020-09-13 23:27:49,591:INFO:Evaluating Metrics
2020-09-13 23:27:49,594:INFO:No inverse transformer found
2020-09-13 23:27:49,594:INFO:Compiling Metrics
2020-09-13 23:27:49,609:INFO:Initializing Fold 10
2020-09-13 23:27:49,610:INFO:Total runtime is 0.031581811110178624 minutes
2020-09-13 23:27:49,621:INFO:Fitting Model
2020-09-13 23:27:49,685:INFO:Evaluating Metrics
2020-09-13 23:27:49,687:INFO:No inverse transformer found
2020-09-13 23:27:49,688:INFO:Compiling Metrics
2020-09-13 23:27:49,700:INFO:Calculating mean and std
2020-09-13 23:27:49,701:INFO:Creating metrics dataframe
2020-09-13 23:27:49,723:INFO:Initializing Ridge Regression
2020-09-13 23:27:49,736:INFO:Initializing Fold 1
2020-09-13 23:27:49,737:INFO:Total runtime is 0.033697251478830965 minutes
2020-09-13 23:27:49,752:INFO:Fitting Model
2020-09-13 23:27:49,957:INFO:Evaluating Metrics
2020-09-13 23:27:49,960:INFO:No inverse transformer found
2020-09-13 23:27:49,960:INFO:Compiling Metrics
2020-09-13 23:27:49,970:INFO:Initializing Fold 2
2020-09-13 23:27:49,971:INFO:Total runtime is 0.03759501775105793 minutes
2020-09-13 23:27:49,982:INFO:Fitting Model
2020-09-13 23:27:49,987:INFO:Evaluating Metrics
2020-09-13 23:27:49,993:INFO:No inverse transformer found
2020-09-13 23:27:49,993:INFO:Compiling Metrics
2020-09-13 23:27:50,010:INFO:Initializing Fold 3
2020-09-13 23:27:50,011:INFO:Total runtime is 0.03826128244400023 minutes
2020-09-13 23:27:50,020:INFO:Fitting Model
2020-09-13 23:27:50,027:INFO:Evaluating Metrics
2020-09-13 23:27:50,032:INFO:No inverse transformer found
2020-09-13 23:27:50,032:INFO:Compiling Metrics
2020-09-13 23:27:50,046:INFO:Initializing Fold 4
2020-09-13 23:27:50,047:INFO:Total runtime is 0.038860952854156486 minutes
2020-09-13 23:27:50,059:INFO:Fitting Model
2020-09-13 23:27:50,063:INFO:Evaluating Metrics
2020-09-13 23:27:50,067:INFO:No inverse transformer found
2020-09-13 23:27:50,068:INFO:Compiling Metrics
2020-09-13 23:27:50,081:INFO:Initializing Fold 5
2020-09-13 23:27:50,082:INFO:Total runtime is 0.039443949858347566 minutes
2020-09-13 23:27:50,095:INFO:Fitting Model
2020-09-13 23:27:50,102:INFO:Evaluating Metrics
2020-09-13 23:27:50,107:INFO:No inverse transformer found
2020-09-13 23:27:50,107:INFO:Compiling Metrics
2020-09-13 23:27:50,121:INFO:Initializing Fold 6
2020-09-13 23:27:50,123:INFO:Total runtime is 0.04012688795725504 minutes
2020-09-13 23:27:50,136:INFO:Fitting Model
2020-09-13 23:27:50,143:INFO:Evaluating Metrics
2020-09-13 23:27:50,148:INFO:No inverse transformer found
2020-09-13 23:27:50,148:INFO:Compiling Metrics
2020-09-13 23:27:50,163:INFO:Initializing Fold 7
2020-09-13 23:27:50,164:INFO:Total runtime is 0.0408098300298055 minutes
2020-09-13 23:27:50,175:INFO:Fitting Model
2020-09-13 23:27:50,182:INFO:Evaluating Metrics
2020-09-13 23:27:50,187:INFO:No inverse transformer found
2020-09-13 23:27:50,188:INFO:Compiling Metrics
2020-09-13 23:27:50,203:INFO:Initializing Fold 8
2020-09-13 23:27:50,204:INFO:Total runtime is 0.04147611061731974 minutes
2020-09-13 23:27:50,216:INFO:Fitting Model
2020-09-13 23:27:50,223:INFO:Evaluating Metrics
2020-09-13 23:27:50,227:INFO:No inverse transformer found
2020-09-13 23:27:50,227:INFO:Compiling Metrics
2020-09-13 23:27:50,241:INFO:Initializing Fold 9
2020-09-13 23:27:50,242:INFO:Total runtime is 0.04210907220840454 minutes
2020-09-13 23:27:50,255:INFO:Fitting Model
2020-09-13 23:27:50,262:INFO:Evaluating Metrics
2020-09-13 23:27:50,267:INFO:No inverse transformer found
2020-09-13 23:27:50,268:INFO:Compiling Metrics
2020-09-13 23:27:50,277:INFO:Initializing Fold 10
2020-09-13 23:27:50,278:INFO:Total runtime is 0.042708722750345866 minutes
2020-09-13 23:27:50,290:INFO:Fitting Model
2020-09-13 23:27:50,295:INFO:Evaluating Metrics
2020-09-13 23:27:50,299:INFO:No inverse transformer found
2020-09-13 23:27:50,299:INFO:Compiling Metrics
2020-09-13 23:27:50,312:INFO:Calculating mean and std
2020-09-13 23:27:50,313:INFO:Creating metrics dataframe
2020-09-13 23:27:50,339:INFO:Initializing Elastic Net
2020-09-13 23:27:50,351:INFO:Initializing Fold 1
2020-09-13 23:27:50,352:INFO:Total runtime is 0.04394136667251587 minutes
2020-09-13 23:27:50,364:INFO:Fitting Model
2020-09-13 23:27:50,373:INFO:Evaluating Metrics
2020-09-13 23:27:50,377:INFO:No inverse transformer found
2020-09-13 23:27:50,377:INFO:Compiling Metrics
2020-09-13 23:27:50,390:INFO:Initializing Fold 2
2020-09-13 23:27:50,392:INFO:Total runtime is 0.04460761944452922 minutes
2020-09-13 23:27:50,402:INFO:Fitting Model
2020-09-13 23:27:50,410:INFO:Evaluating Metrics
2020-09-13 23:27:50,415:INFO:No inverse transformer found
2020-09-13 23:27:50,416:INFO:Compiling Metrics
2020-09-13 23:27:50,427:INFO:Initializing Fold 3
2020-09-13 23:27:50,429:INFO:Total runtime is 0.0452239473660787 minutes
2020-09-13 23:27:50,440:INFO:Fitting Model
2020-09-13 23:27:50,446:INFO:Evaluating Metrics
2020-09-13 23:27:50,451:INFO:No inverse transformer found
2020-09-13 23:27:50,451:INFO:Compiling Metrics
2020-09-13 23:27:50,464:INFO:Initializing Fold 4
2020-09-13 23:27:50,465:INFO:Total runtime is 0.04582360188166301 minutes
2020-09-13 23:27:50,477:INFO:Fitting Model
2020-09-13 23:27:50,484:INFO:Evaluating Metrics
2020-09-13 23:27:50,489:INFO:No inverse transformer found
2020-09-13 23:27:50,489:INFO:Compiling Metrics
2020-09-13 23:27:50,506:INFO:Initializing Fold 5
2020-09-13 23:27:50,507:INFO:Total runtime is 0.046523197491963715 minutes
2020-09-13 23:27:50,521:INFO:Fitting Model
2020-09-13 23:27:50,529:INFO:Evaluating Metrics
2020-09-13 23:27:50,533:INFO:No inverse transformer found
2020-09-13 23:27:50,533:INFO:Compiling Metrics
2020-09-13 23:27:50,545:INFO:Initializing Fold 6
2020-09-13 23:27:50,546:INFO:Total runtime is 0.047172816594441745 minutes
2020-09-13 23:27:50,557:INFO:Fitting Model
2020-09-13 23:27:50,567:INFO:Evaluating Metrics
2020-09-13 23:27:50,573:INFO:No inverse transformer found
2020-09-13 23:27:50,573:INFO:Compiling Metrics
2020-09-13 23:27:50,589:INFO:Initializing Fold 7
2020-09-13 23:27:50,591:INFO:Total runtime is 0.047922392686208105 minutes
2020-09-13 23:27:50,603:INFO:Fitting Model
2020-09-13 23:27:50,612:INFO:Evaluating Metrics
2020-09-13 23:27:50,616:INFO:No inverse transformer found
2020-09-13 23:27:50,616:INFO:Compiling Metrics
2020-09-13 23:27:50,630:INFO:Initializing Fold 8
2020-09-13 23:27:50,632:INFO:Total runtime is 0.048605322837829604 minutes
2020-09-13 23:27:50,645:INFO:Fitting Model
2020-09-13 23:27:50,652:INFO:Evaluating Metrics
2020-09-13 23:27:50,657:INFO:No inverse transformer found
2020-09-13 23:27:50,658:INFO:Compiling Metrics
2020-09-13 23:27:50,670:INFO:Initializing Fold 9
2020-09-13 23:27:50,671:INFO:Total runtime is 0.04925496578216554 minutes
2020-09-13 23:27:50,683:INFO:Fitting Model
2020-09-13 23:27:50,691:INFO:Evaluating Metrics
2020-09-13 23:27:50,696:INFO:No inverse transformer found
2020-09-13 23:27:50,696:INFO:Compiling Metrics
2020-09-13 23:27:50,710:INFO:Initializing Fold 10
2020-09-13 23:27:50,711:INFO:Total runtime is 0.0499212423960368 minutes
2020-09-13 23:27:50,723:INFO:Fitting Model
2020-09-13 23:27:50,731:INFO:Evaluating Metrics
2020-09-13 23:27:50,735:INFO:No inverse transformer found
2020-09-13 23:27:50,735:INFO:Compiling Metrics
2020-09-13 23:27:50,746:INFO:Calculating mean and std
2020-09-13 23:27:50,747:INFO:Creating metrics dataframe
2020-09-13 23:27:50,766:INFO:Initializing Least Angle Regression
2020-09-13 23:27:50,778:INFO:Initializing Fold 1
2020-09-13 23:27:50,780:INFO:Total runtime is 0.051070555051167824 minutes
2020-09-13 23:27:50,792:INFO:Fitting Model
2020-09-13 23:27:50,858:INFO:Evaluating Metrics
2020-09-13 23:27:50,860:INFO:No inverse transformer found
2020-09-13 23:27:50,860:INFO:Compiling Metrics
2020-09-13 23:27:50,872:INFO:Initializing Fold 2
2020-09-13 23:27:50,874:INFO:Total runtime is 0.05265299876530967 minutes
2020-09-13 23:27:50,887:INFO:Fitting Model
2020-09-13 23:27:50,917:INFO:Evaluating Metrics
2020-09-13 23:27:50,922:INFO:No inverse transformer found
2020-09-13 23:27:50,922:INFO:Compiling Metrics
2020-09-13 23:27:50,934:INFO:Initializing Fold 3
2020-09-13 23:27:50,935:INFO:Total runtime is 0.05366907517115277 minutes
2020-09-13 23:27:50,944:INFO:Fitting Model
2020-09-13 23:27:50,979:INFO:Evaluating Metrics
2020-09-13 23:27:50,984:INFO:No inverse transformer found
2020-09-13 23:27:50,984:INFO:Compiling Metrics
2020-09-13 23:27:50,996:INFO:Initializing Fold 4
2020-09-13 23:27:50,997:INFO:Total runtime is 0.05470181703567507 minutes
2020-09-13 23:27:51,010:INFO:Fitting Model
2020-09-13 23:27:51,042:INFO:Evaluating Metrics
2020-09-13 23:27:51,047:INFO:No inverse transformer found
2020-09-13 23:27:51,047:INFO:Compiling Metrics
2020-09-13 23:27:51,061:INFO:Initializing Fold 5
2020-09-13 23:27:51,062:INFO:Total runtime is 0.05578452746073407 minutes
2020-09-13 23:27:51,071:INFO:Fitting Model
2020-09-13 23:27:51,099:INFO:Evaluating Metrics
2020-09-13 23:27:51,102:INFO:No inverse transformer found
2020-09-13 23:27:51,102:INFO:Compiling Metrics
2020-09-13 23:27:51,113:INFO:Initializing Fold 6
2020-09-13 23:27:51,114:INFO:Total runtime is 0.05665069818496706 minutes
2020-09-13 23:27:51,125:INFO:Fitting Model
2020-09-13 23:27:51,159:INFO:Evaluating Metrics
2020-09-13 23:27:51,164:INFO:No inverse transformer found
2020-09-13 23:27:51,164:INFO:Compiling Metrics
2020-09-13 23:27:51,180:INFO:Initializing Fold 7
2020-09-13 23:27:51,182:INFO:Total runtime is 0.057766723632812524 minutes
2020-09-13 23:27:51,194:INFO:Fitting Model
2020-09-13 23:27:51,224:INFO:Evaluating Metrics
2020-09-13 23:27:51,228:INFO:No inverse transformer found
2020-09-13 23:27:51,228:INFO:Compiling Metrics
2020-09-13 23:27:51,243:INFO:Initializing Fold 8
2020-09-13 23:27:51,244:INFO:Total runtime is 0.058816126982371035 minutes
2020-09-13 23:27:51,256:INFO:Fitting Model
2020-09-13 23:27:51,280:INFO:Evaluating Metrics
2020-09-13 23:27:51,282:INFO:No inverse transformer found
2020-09-13 23:27:51,282:INFO:Compiling Metrics
2020-09-13 23:27:51,291:INFO:Initializing Fold 9
2020-09-13 23:27:51,292:INFO:Total runtime is 0.05961566766103111 minutes
2020-09-13 23:27:51,301:INFO:Fitting Model
2020-09-13 23:27:51,329:INFO:Evaluating Metrics
2020-09-13 23:27:51,332:INFO:No inverse transformer found
2020-09-13 23:27:51,332:INFO:Compiling Metrics
2020-09-13 23:27:51,340:INFO:Initializing Fold 10
2020-09-13 23:27:51,342:INFO:Total runtime is 0.06044851144154869 minutes
2020-09-13 23:27:51,353:INFO:Fitting Model
2020-09-13 23:27:51,381:INFO:Evaluating Metrics
2020-09-13 23:27:51,384:INFO:No inverse transformer found
2020-09-13 23:27:51,384:INFO:Compiling Metrics
2020-09-13 23:27:51,392:INFO:Calculating mean and std
2020-09-13 23:27:51,393:INFO:Creating metrics dataframe
2020-09-13 23:27:51,411:INFO:Initializing Lasso Least Angle Regression
2020-09-13 23:27:51,423:INFO:Initializing Fold 1
2020-09-13 23:27:51,424:INFO:Total runtime is 0.061814391613006614 minutes
2020-09-13 23:27:51,436:INFO:Fitting Model
2020-09-13 23:27:51,506:INFO:Evaluating Metrics
2020-09-13 23:27:51,510:INFO:No inverse transformer found
2020-09-13 23:27:51,510:INFO:Compiling Metrics
2020-09-13 23:27:51,524:INFO:Initializing Fold 2
2020-09-13 23:27:51,525:INFO:Total runtime is 0.06349674860636395 minutes
2020-09-13 23:27:51,537:INFO:Fitting Model
2020-09-13 23:27:51,563:INFO:Evaluating Metrics
2020-09-13 23:27:51,568:INFO:No inverse transformer found
2020-09-13 23:27:51,568:INFO:Compiling Metrics
2020-09-13 23:27:51,582:INFO:Initializing Fold 3
2020-09-13 23:27:51,583:INFO:Total runtime is 0.06446286042531334 minutes
2020-09-13 23:27:51,595:INFO:Fitting Model
2020-09-13 23:27:51,615:INFO:Evaluating Metrics
2020-09-13 23:27:51,620:INFO:No inverse transformer found
2020-09-13 23:27:51,620:INFO:Compiling Metrics
2020-09-13 23:27:51,633:INFO:Initializing Fold 4
2020-09-13 23:27:51,634:INFO:Total runtime is 0.06531237363815309 minutes
2020-09-13 23:27:51,647:INFO:Fitting Model
2020-09-13 23:27:51,671:INFO:Evaluating Metrics
2020-09-13 23:27:51,676:INFO:No inverse transformer found
2020-09-13 23:27:51,676:INFO:Compiling Metrics
2020-09-13 23:27:51,692:INFO:Initializing Fold 5
2020-09-13 23:27:51,693:INFO:Total runtime is 0.06629515091578167 minutes
2020-09-13 23:27:51,706:INFO:Fitting Model
2020-09-13 23:27:51,730:INFO:Evaluating Metrics
2020-09-13 23:27:51,733:INFO:No inverse transformer found
2020-09-13 23:27:51,733:INFO:Compiling Metrics
2020-09-13 23:27:51,742:INFO:Initializing Fold 6
2020-09-13 23:27:51,743:INFO:Total runtime is 0.06712799072265627 minutes
2020-09-13 23:27:51,756:INFO:Fitting Model
2020-09-13 23:27:51,772:INFO:Evaluating Metrics
2020-09-13 23:27:51,776:INFO:No inverse transformer found
2020-09-13 23:27:51,776:INFO:Compiling Metrics
2020-09-13 23:27:51,789:INFO:Initializing Fold 7
2020-09-13 23:27:51,791:INFO:Total runtime is 0.06792753934860231 minutes
2020-09-13 23:27:51,802:INFO:Fitting Model
2020-09-13 23:27:51,824:INFO:Evaluating Metrics
2020-09-13 23:27:51,829:INFO:No inverse transformer found
2020-09-13 23:27:51,829:INFO:Compiling Metrics
2020-09-13 23:27:51,844:INFO:Initializing Fold 8
2020-09-13 23:27:51,845:INFO:Total runtime is 0.06882702112197878 minutes
2020-09-13 23:27:51,858:INFO:Fitting Model
2020-09-13 23:27:51,887:INFO:Evaluating Metrics
2020-09-13 23:27:51,890:INFO:No inverse transformer found
2020-09-13 23:27:51,890:INFO:Compiling Metrics
2020-09-13 23:27:51,904:INFO:Initializing Fold 9
2020-09-13 23:27:51,906:INFO:Total runtime is 0.06984310547510784 minutes
2020-09-13 23:27:51,919:INFO:Fitting Model
2020-09-13 23:27:51,944:INFO:Evaluating Metrics
2020-09-13 23:27:51,949:INFO:No inverse transformer found
2020-09-13 23:27:51,949:INFO:Compiling Metrics
2020-09-13 23:27:51,964:INFO:Initializing Fold 10
2020-09-13 23:27:51,965:INFO:Total runtime is 0.07082587480545045 minutes
2020-09-13 23:27:51,976:INFO:Fitting Model
2020-09-13 23:27:51,997:INFO:Evaluating Metrics
2020-09-13 23:27:52,002:INFO:No inverse transformer found
2020-09-13 23:27:52,002:INFO:Compiling Metrics
2020-09-13 23:27:52,012:INFO:Calculating mean and std
2020-09-13 23:27:52,013:INFO:Creating metrics dataframe
2020-09-13 23:27:52,030:INFO:Initializing Orthogonal Matching Pursuit
2020-09-13 23:27:52,040:INFO:Initializing Fold 1
2020-09-13 23:27:52,042:INFO:Total runtime is 0.07210846344629925 minutes
2020-09-13 23:27:52,050:INFO:Fitting Model
2020-09-13 23:27:52,056:INFO:Evaluating Metrics
2020-09-13 23:27:52,061:INFO:No inverse transformer found
2020-09-13 23:27:52,061:INFO:Compiling Metrics
2020-09-13 23:27:52,076:INFO:Initializing Fold 2
2020-09-13 23:27:52,078:INFO:Total runtime is 0.07270812590916953 minutes
2020-09-13 23:27:52,091:INFO:Fitting Model
2020-09-13 23:27:52,099:INFO:Evaluating Metrics
2020-09-13 23:27:52,103:INFO:No inverse transformer found
2020-09-13 23:27:52,104:INFO:Compiling Metrics
2020-09-13 23:27:52,119:INFO:Initializing Fold 3
2020-09-13 23:27:52,120:INFO:Total runtime is 0.07340772151947023 minutes
2020-09-13 23:27:52,134:INFO:Fitting Model
2020-09-13 23:27:52,142:INFO:Evaluating Metrics
2020-09-13 23:27:52,146:INFO:No inverse transformer found
2020-09-13 23:27:52,146:INFO:Compiling Metrics
2020-09-13 23:27:52,160:INFO:Initializing Fold 4
2020-09-13 23:27:52,161:INFO:Total runtime is 0.07409064769744875 minutes
2020-09-13 23:27:52,174:INFO:Fitting Model
2020-09-13 23:27:52,183:INFO:Evaluating Metrics
2020-09-13 23:27:52,187:INFO:No inverse transformer found
2020-09-13 23:27:52,188:INFO:Compiling Metrics
2020-09-13 23:27:52,199:INFO:Initializing Fold 5
2020-09-13 23:27:52,200:INFO:Total runtime is 0.07474029064178468 minutes
2020-09-13 23:27:52,210:INFO:Fitting Model
2020-09-13 23:27:52,218:INFO:Evaluating Metrics
2020-09-13 23:27:52,222:INFO:No inverse transformer found
2020-09-13 23:27:52,222:INFO:Compiling Metrics
2020-09-13 23:27:52,234:INFO:Initializing Fold 6
2020-09-13 23:27:52,235:INFO:Total runtime is 0.07532327572504681 minutes
2020-09-13 23:27:52,248:INFO:Fitting Model
2020-09-13 23:27:52,255:INFO:Evaluating Metrics
2020-09-13 23:27:52,260:INFO:No inverse transformer found
2020-09-13 23:27:52,260:INFO:Compiling Metrics
2020-09-13 23:27:52,273:INFO:Initializing Fold 7
2020-09-13 23:27:52,274:INFO:Total runtime is 0.07597290277481081 minutes
2020-09-13 23:27:52,287:INFO:Fitting Model
2020-09-13 23:27:52,295:INFO:Evaluating Metrics
2020-09-13 23:27:52,297:INFO:No inverse transformer found
2020-09-13 23:27:52,297:INFO:Compiling Metrics
2020-09-13 23:27:52,310:INFO:Initializing Fold 8
2020-09-13 23:27:52,311:INFO:Total runtime is 0.07658921082814536 minutes
2020-09-13 23:27:52,323:INFO:Fitting Model
2020-09-13 23:27:52,329:INFO:Evaluating Metrics
2020-09-13 23:27:52,333:INFO:No inverse transformer found
2020-09-13 23:27:52,333:INFO:Compiling Metrics
2020-09-13 23:27:52,347:INFO:Initializing Fold 9
2020-09-13 23:27:52,348:INFO:Total runtime is 0.07720553477605185 minutes
2020-09-13 23:27:52,359:INFO:Fitting Model
2020-09-13 23:27:52,366:INFO:Evaluating Metrics
2020-09-13 23:27:52,372:INFO:No inverse transformer found
2020-09-13 23:27:52,372:INFO:Compiling Metrics
2020-09-13 23:27:52,381:INFO:Initializing Fold 10
2020-09-13 23:27:52,383:INFO:Total runtime is 0.07778853178024293 minutes
2020-09-13 23:27:52,395:INFO:Fitting Model
2020-09-13 23:27:52,400:INFO:Evaluating Metrics
2020-09-13 23:27:52,404:INFO:No inverse transformer found
2020-09-13 23:27:52,404:INFO:Compiling Metrics
2020-09-13 23:27:52,418:INFO:Calculating mean and std
2020-09-13 23:27:52,418:INFO:Creating metrics dataframe
2020-09-13 23:27:52,444:INFO:Initializing Bayesian Ridge
2020-09-13 23:27:52,455:INFO:Initializing Fold 1
2020-09-13 23:27:52,456:INFO:Total runtime is 0.07900449037551881 minutes
2020-09-13 23:27:52,467:INFO:Fitting Model
2020-09-13 23:27:52,675:INFO:Evaluating Metrics
2020-09-13 23:27:52,679:INFO:No inverse transformer found
2020-09-13 23:27:52,680:INFO:Compiling Metrics
2020-09-13 23:27:52,692:INFO:Initializing Fold 2
2020-09-13 23:27:52,693:INFO:Total runtime is 0.08296886682510377 minutes
2020-09-13 23:27:52,706:INFO:Fitting Model
2020-09-13 23:27:52,719:INFO:Evaluating Metrics
2020-09-13 23:27:52,725:INFO:No inverse transformer found
2020-09-13 23:27:52,725:INFO:Compiling Metrics
2020-09-13 23:27:52,734:INFO:Initializing Fold 3
2020-09-13 23:27:52,735:INFO:Total runtime is 0.08366846243540446 minutes
2020-09-13 23:27:52,746:INFO:Fitting Model
2020-09-13 23:27:52,757:INFO:Evaluating Metrics
2020-09-13 23:27:52,763:INFO:No inverse transformer found
2020-09-13 23:27:52,763:INFO:Compiling Metrics
2020-09-13 23:27:52,778:INFO:Initializing Fold 4
2020-09-13 23:27:52,780:INFO:Total runtime is 0.08441803852717082 minutes
2020-09-13 23:27:52,792:INFO:Fitting Model
2020-09-13 23:27:52,805:INFO:Evaluating Metrics
2020-09-13 23:27:52,811:INFO:No inverse transformer found
2020-09-13 23:27:52,811:INFO:Compiling Metrics
2020-09-13 23:27:52,827:INFO:Initializing Fold 5
2020-09-13 23:27:52,828:INFO:Total runtime is 0.08521758715311686 minutes
2020-09-13 23:27:52,841:INFO:Fitting Model
2020-09-13 23:27:52,853:INFO:Evaluating Metrics
2020-09-13 23:27:52,858:INFO:No inverse transformer found
2020-09-13 23:27:52,858:INFO:Compiling Metrics
2020-09-13 23:27:52,869:INFO:Initializing Fold 6
2020-09-13 23:27:52,870:INFO:Total runtime is 0.08591718276341756 minutes
2020-09-13 23:27:52,880:INFO:Fitting Model
2020-09-13 23:27:52,892:INFO:Evaluating Metrics
2020-09-13 23:27:52,897:INFO:No inverse transformer found
2020-09-13 23:27:52,897:INFO:Compiling Metrics
2020-09-13 23:27:52,910:INFO:Initializing Fold 7
2020-09-13 23:27:52,911:INFO:Total runtime is 0.08660012086232503 minutes
2020-09-13 23:27:52,923:INFO:Fitting Model
2020-09-13 23:27:52,934:INFO:Evaluating Metrics
2020-09-13 23:27:52,938:INFO:No inverse transformer found
2020-09-13 23:27:52,938:INFO:Compiling Metrics
2020-09-13 23:27:52,952:INFO:Initializing Fold 8
2020-09-13 23:27:52,953:INFO:Total runtime is 0.08729972044626871 minutes
2020-09-13 23:27:52,965:INFO:Fitting Model
2020-09-13 23:27:52,979:INFO:Evaluating Metrics
2020-09-13 23:27:52,985:INFO:No inverse transformer found
2020-09-13 23:27:52,985:INFO:Compiling Metrics
2020-09-13 23:27:53,001:INFO:Initializing Fold 9
2020-09-13 23:27:53,003:INFO:Total runtime is 0.08813256820042928 minutes
2020-09-13 23:27:53,015:INFO:Fitting Model
2020-09-13 23:27:53,030:INFO:Evaluating Metrics
2020-09-13 23:27:53,035:INFO:No inverse transformer found
2020-09-13 23:27:53,035:INFO:Compiling Metrics
2020-09-13 23:27:53,049:INFO:Initializing Fold 10
2020-09-13 23:27:53,051:INFO:Total runtime is 0.08893210490544637 minutes
2020-09-13 23:27:53,062:INFO:Fitting Model
2020-09-13 23:27:53,075:INFO:Evaluating Metrics
2020-09-13 23:27:53,080:INFO:No inverse transformer found
2020-09-13 23:27:53,080:INFO:Compiling Metrics
2020-09-13 23:27:53,097:INFO:Calculating mean and std
2020-09-13 23:27:53,098:INFO:Creating metrics dataframe
2020-09-13 23:27:53,127:INFO:Initializing Passive Aggressive Regressor
2020-09-13 23:27:53,139:INFO:Initializing Fold 1
2020-09-13 23:27:53,140:INFO:Total runtime is 0.09041459163029988 minutes
2020-09-13 23:27:53,153:INFO:Fitting Model
2020-09-13 23:27:53,324:INFO:Evaluating Metrics
2020-09-13 23:27:53,327:INFO:No inverse transformer found
2020-09-13 23:27:53,327:INFO:Compiling Metrics
2020-09-13 23:27:53,337:INFO:Initializing Fold 2
2020-09-13 23:27:53,338:INFO:Total runtime is 0.09371269941329956 minutes
2020-09-13 23:27:53,348:INFO:Fitting Model
2020-09-13 23:27:53,477:INFO:Evaluating Metrics
2020-09-13 23:27:53,480:INFO:No inverse transformer found
2020-09-13 23:27:53,480:INFO:Compiling Metrics
2020-09-13 23:27:53,489:INFO:Initializing Fold 3
2020-09-13 23:27:53,490:INFO:Total runtime is 0.09624457359313965 minutes
2020-09-13 23:27:53,499:INFO:Fitting Model
2020-09-13 23:27:53,633:INFO:Evaluating Metrics
2020-09-13 23:27:53,636:INFO:No inverse transformer found
2020-09-13 23:27:53,637:INFO:Compiling Metrics
2020-09-13 23:27:53,646:INFO:Initializing Fold 4
2020-09-13 23:27:53,648:INFO:Total runtime is 0.09885974327723185 minutes
2020-09-13 23:27:53,657:INFO:Fitting Model
2020-09-13 23:27:53,781:INFO:Evaluating Metrics
2020-09-13 23:27:53,784:INFO:No inverse transformer found
2020-09-13 23:27:53,784:INFO:Compiling Metrics
2020-09-13 23:27:53,794:INFO:Initializing Fold 5
2020-09-13 23:27:53,795:INFO:Total runtime is 0.10132497549057007 minutes
2020-09-13 23:27:53,804:INFO:Fitting Model
2020-09-13 23:27:53,908:INFO:Evaluating Metrics
2020-09-13 23:27:53,911:INFO:No inverse transformer found
2020-09-13 23:27:53,911:INFO:Compiling Metrics
2020-09-13 23:27:53,920:INFO:Initializing Fold 6
2020-09-13 23:27:53,921:INFO:Total runtime is 0.10342377026875814 minutes
2020-09-13 23:27:53,932:INFO:Fitting Model
2020-09-13 23:27:54,040:INFO:Evaluating Metrics
2020-09-13 23:27:54,043:INFO:No inverse transformer found
2020-09-13 23:27:54,043:INFO:Compiling Metrics
2020-09-13 23:27:54,052:INFO:Initializing Fold 7
2020-09-13 23:27:54,053:INFO:Total runtime is 0.10562249422073364 minutes
2020-09-13 23:27:54,063:INFO:Fitting Model
2020-09-13 23:27:54,173:INFO:Evaluating Metrics
2020-09-13 23:27:54,176:INFO:No inverse transformer found
2020-09-13 23:27:54,176:INFO:Compiling Metrics
2020-09-13 23:27:54,185:INFO:Initializing Fold 8
2020-09-13 23:27:54,187:INFO:Total runtime is 0.10785456895828247 minutes
2020-09-13 23:27:54,197:INFO:Fitting Model
2020-09-13 23:27:54,307:INFO:Evaluating Metrics
2020-09-13 23:27:54,310:INFO:No inverse transformer found
2020-09-13 23:27:54,310:INFO:Compiling Metrics
2020-09-13 23:27:54,319:INFO:Initializing Fold 9
2020-09-13 23:27:54,321:INFO:Total runtime is 0.1101032813390096 minutes
2020-09-13 23:27:54,331:INFO:Fitting Model
2020-09-13 23:27:54,457:INFO:Evaluating Metrics
2020-09-13 23:27:54,460:INFO:No inverse transformer found
2020-09-13 23:27:54,460:INFO:Compiling Metrics
2020-09-13 23:27:54,470:INFO:Initializing Fold 10
2020-09-13 23:27:54,471:INFO:Total runtime is 0.11260183254877726 minutes
2020-09-13 23:27:54,483:INFO:Fitting Model
2020-09-13 23:27:54,591:INFO:Evaluating Metrics
2020-09-13 23:27:54,594:INFO:No inverse transformer found
2020-09-13 23:27:54,594:INFO:Compiling Metrics
2020-09-13 23:27:54,603:INFO:Calculating mean and std
2020-09-13 23:27:54,603:INFO:Creating metrics dataframe
2020-09-13 23:27:54,629:INFO:Initializing Random Sample Consensus
2020-09-13 23:27:54,639:INFO:Initializing Fold 1
2020-09-13 23:27:54,640:INFO:Total runtime is 0.11541685660680134 minutes
2020-09-13 23:27:54,648:INFO:Fitting Model
2020-09-13 23:27:55,015:INFO:Evaluating Metrics
2020-09-13 23:27:55,018:INFO:No inverse transformer found
2020-09-13 23:27:55,018:INFO:Compiling Metrics
2020-09-13 23:27:55,027:INFO:Initializing Fold 2
2020-09-13 23:27:55,028:INFO:Total runtime is 0.12187978823979695 minutes
2020-09-13 23:27:55,041:INFO:Fitting Model
2020-09-13 23:27:55,383:INFO:Evaluating Metrics
2020-09-13 23:27:55,385:INFO:No inverse transformer found
2020-09-13 23:27:55,385:INFO:Compiling Metrics
2020-09-13 23:27:55,394:INFO:Initializing Fold 3
2020-09-13 23:27:55,395:INFO:Total runtime is 0.12799293200174966 minutes
2020-09-13 23:27:55,406:INFO:Fitting Model
2020-09-13 23:27:55,723:INFO:Evaluating Metrics
2020-09-13 23:27:55,726:INFO:No inverse transformer found
2020-09-13 23:27:55,726:INFO:Compiling Metrics
2020-09-13 23:27:55,739:INFO:Initializing Fold 4
2020-09-13 23:27:55,741:INFO:Total runtime is 0.13375629186630247 minutes
2020-09-13 23:27:55,753:INFO:Fitting Model
2020-09-13 23:27:56,083:INFO:Evaluating Metrics
2020-09-13 23:27:56,085:INFO:No inverse transformer found
2020-09-13 23:27:56,085:INFO:Compiling Metrics
2020-09-13 23:27:56,095:INFO:Initializing Fold 5
2020-09-13 23:27:56,096:INFO:Total runtime is 0.13968621492385863 minutes
2020-09-13 23:27:56,104:INFO:Fitting Model
2020-09-13 23:27:56,435:INFO:Evaluating Metrics
2020-09-13 23:27:56,437:INFO:No inverse transformer found
2020-09-13 23:27:56,438:INFO:Compiling Metrics
2020-09-13 23:27:56,449:INFO:Initializing Fold 6
2020-09-13 23:27:56,450:INFO:Total runtime is 0.14558281103769938 minutes
2020-09-13 23:27:56,461:INFO:Fitting Model
2020-09-13 23:27:56,807:INFO:Evaluating Metrics
2020-09-13 23:27:56,811:INFO:No inverse transformer found
2020-09-13 23:27:56,811:INFO:Compiling Metrics
2020-09-13 23:27:56,823:INFO:Initializing Fold 7
2020-09-13 23:27:56,825:INFO:Total runtime is 0.15182921091715496 minutes
2020-09-13 23:27:56,833:INFO:Fitting Model
2020-09-13 23:27:57,124:INFO:Evaluating Metrics
2020-09-13 23:27:57,127:INFO:No inverse transformer found
2020-09-13 23:27:57,127:INFO:Compiling Metrics
2020-09-13 23:27:57,137:INFO:Initializing Fold 8
2020-09-13 23:27:57,139:INFO:Total runtime is 0.15705953836441042 minutes
2020-09-13 23:27:57,147:INFO:Fitting Model
2020-09-13 23:27:57,437:INFO:Evaluating Metrics
2020-09-13 23:27:57,439:INFO:No inverse transformer found
2020-09-13 23:27:57,439:INFO:Compiling Metrics
2020-09-13 23:27:57,448:INFO:Initializing Fold 9
2020-09-13 23:27:57,449:INFO:Total runtime is 0.16222323576609296 minutes
2020-09-13 23:27:57,461:INFO:Fitting Model
2020-09-13 23:27:57,758:INFO:Evaluating Metrics
2020-09-13 23:27:57,761:INFO:No inverse transformer found
2020-09-13 23:27:57,761:INFO:Compiling Metrics
2020-09-13 23:27:57,770:INFO:Initializing Fold 10
2020-09-13 23:27:57,771:INFO:Total runtime is 0.16760346492131553 minutes
2020-09-13 23:27:57,783:INFO:Fitting Model
2020-09-13 23:27:58,142:INFO:Evaluating Metrics
2020-09-13 23:27:58,147:INFO:No inverse transformer found
2020-09-13 23:27:58,147:INFO:Compiling Metrics
2020-09-13 23:27:58,159:INFO:Calculating mean and std
2020-09-13 23:27:58,160:INFO:Creating metrics dataframe
2020-09-13 23:27:58,185:INFO:Initializing TheilSen Regressor
2020-09-13 23:27:58,197:INFO:Initializing Fold 1
2020-09-13 23:27:58,198:INFO:Total runtime is 0.17471605141957602 minutes
2020-09-13 23:27:58,210:INFO:Fitting Model
2020-09-13 23:28:03,593:INFO:Evaluating Metrics
2020-09-13 23:28:03,598:INFO:No inverse transformer found
2020-09-13 23:28:03,598:INFO:Compiling Metrics
2020-09-13 23:28:03,613:INFO:Initializing Fold 2
2020-09-13 23:28:03,614:INFO:Total runtime is 0.26497251192728677 minutes
2020-09-13 23:28:03,626:INFO:Fitting Model
2020-09-13 23:28:07,118:INFO:Evaluating Metrics
2020-09-13 23:28:07,122:INFO:No inverse transformer found
2020-09-13 23:28:07,122:INFO:Compiling Metrics
2020-09-13 23:28:07,135:INFO:Initializing Fold 3
2020-09-13 23:28:07,136:INFO:Total runtime is 0.32367201646169025 minutes
2020-09-13 23:28:07,148:INFO:Fitting Model
2020-09-13 23:28:10,762:INFO:Evaluating Metrics
2020-09-13 23:28:10,767:INFO:No inverse transformer found
2020-09-13 23:28:10,767:INFO:Compiling Metrics
2020-09-13 23:28:10,778:INFO:Initializing Fold 4
2020-09-13 23:28:10,779:INFO:Total runtime is 0.38438705205917356 minutes
2020-09-13 23:28:10,790:INFO:Fitting Model
2020-09-13 23:28:14,456:INFO:Evaluating Metrics
2020-09-13 23:28:14,461:INFO:No inverse transformer found
2020-09-13 23:28:14,461:INFO:Compiling Metrics
2020-09-13 23:28:14,475:INFO:Initializing Fold 5
2020-09-13 23:28:14,477:INFO:Total runtime is 0.44603487650553386 minutes
2020-09-13 23:28:14,489:INFO:Fitting Model
2020-09-13 23:28:18,284:INFO:Evaluating Metrics
2020-09-13 23:28:18,286:INFO:No inverse transformer found
2020-09-13 23:28:18,286:INFO:Compiling Metrics
2020-09-13 23:28:18,296:INFO:Initializing Fold 6
2020-09-13 23:28:18,298:INFO:Total runtime is 0.5097148656845093 minutes
2020-09-13 23:28:18,311:INFO:Fitting Model
2020-09-13 23:28:22,142:INFO:Evaluating Metrics
2020-09-13 23:28:22,145:INFO:No inverse transformer found
2020-09-13 23:28:22,146:INFO:Compiling Metrics
2020-09-13 23:28:22,155:INFO:Initializing Fold 7
2020-09-13 23:28:22,156:INFO:Total runtime is 0.5740196903546652 minutes
2020-09-13 23:28:22,165:INFO:Fitting Model
2020-09-13 23:28:25,682:INFO:Evaluating Metrics
2020-09-13 23:28:25,685:INFO:No inverse transformer found
2020-09-13 23:28:25,685:INFO:Compiling Metrics
2020-09-13 23:28:25,694:INFO:Initializing Fold 8
2020-09-13 23:28:25,695:INFO:Total runtime is 0.6330023487408957 minutes
2020-09-13 23:28:25,705:INFO:Fitting Model
2020-09-13 23:28:29,192:INFO:Evaluating Metrics
2020-09-13 23:28:29,195:INFO:No inverse transformer found
2020-09-13 23:28:29,195:INFO:Compiling Metrics
2020-09-13 23:28:29,205:INFO:Initializing Fold 9
2020-09-13 23:28:29,206:INFO:Total runtime is 0.6915186643600465 minutes
2020-09-13 23:28:29,217:INFO:Fitting Model
2020-09-13 23:28:32,916:INFO:Evaluating Metrics
2020-09-13 23:28:32,920:INFO:No inverse transformer found
2020-09-13 23:28:32,920:INFO:Compiling Metrics
2020-09-13 23:28:32,929:INFO:Initializing Fold 10
2020-09-13 23:28:32,930:INFO:Total runtime is 0.7535829305648805 minutes
2020-09-13 23:28:32,944:INFO:Fitting Model
2020-09-13 23:28:36,916:INFO:Evaluating Metrics
2020-09-13 23:28:36,921:INFO:No inverse transformer found
2020-09-13 23:28:36,921:INFO:Compiling Metrics
2020-09-13 23:28:36,932:INFO:Calculating mean and std
2020-09-13 23:28:36,933:INFO:Creating metrics dataframe
2020-09-13 23:28:36,953:INFO:Initializing Huber Regressor
2020-09-13 23:28:36,962:INFO:Initializing Fold 1
2020-09-13 23:28:36,964:INFO:Total runtime is 0.8208108782768251 minutes
2020-09-13 23:28:36,974:INFO:Fitting Model
2020-09-13 23:28:37,073:INFO:Evaluating Metrics
2020-09-13 23:28:37,078:INFO:No inverse transformer found
2020-09-13 23:28:37,079:INFO:Compiling Metrics
2020-09-13 23:28:37,094:INFO:Initializing Fold 2
2020-09-13 23:28:37,096:INFO:Total runtime is 0.8230095982551576 minutes
2020-09-13 23:28:37,106:INFO:Fitting Model
2020-09-13 23:28:37,213:INFO:Evaluating Metrics
2020-09-13 23:28:37,217:INFO:No inverse transformer found
2020-09-13 23:28:37,217:INFO:Compiling Metrics
2020-09-13 23:28:37,231:INFO:Initializing Fold 3
2020-09-13 23:28:37,233:INFO:Total runtime is 0.8252916097640993 minutes
2020-09-13 23:28:37,244:INFO:Fitting Model
2020-09-13 23:28:37,319:INFO:Evaluating Metrics
2020-09-13 23:28:37,322:INFO:No inverse transformer found
2020-09-13 23:28:37,323:INFO:Compiling Metrics
2020-09-13 23:28:37,331:INFO:Initializing Fold 4
2020-09-13 23:28:37,332:INFO:Total runtime is 0.8269406596819562 minutes
2020-09-13 23:28:37,345:INFO:Fitting Model
2020-09-13 23:28:37,435:INFO:Evaluating Metrics
2020-09-13 23:28:37,437:INFO:No inverse transformer found
2020-09-13 23:28:37,438:INFO:Compiling Metrics
2020-09-13 23:28:37,451:INFO:Initializing Fold 5
2020-09-13 23:28:37,453:INFO:Total runtime is 0.8289561629295351 minutes
2020-09-13 23:28:37,464:INFO:Fitting Model
2020-09-13 23:28:37,545:INFO:Evaluating Metrics
2020-09-13 23:28:37,547:INFO:No inverse transformer found
2020-09-13 23:28:37,547:INFO:Compiling Metrics
2020-09-13 23:28:37,556:INFO:Initializing Fold 6
2020-09-13 23:28:37,557:INFO:Total runtime is 0.8306885043780011 minutes
2020-09-13 23:28:37,570:INFO:Fitting Model
2020-09-13 23:28:37,651:INFO:Evaluating Metrics
2020-09-13 23:28:37,656:INFO:No inverse transformer found
2020-09-13 23:28:37,656:INFO:Compiling Metrics
2020-09-13 23:28:37,670:INFO:Initializing Fold 7
2020-09-13 23:28:37,671:INFO:Total runtime is 0.8325874090194705 minutes
2020-09-13 23:28:37,683:INFO:Fitting Model
2020-09-13 23:28:37,766:INFO:Evaluating Metrics
2020-09-13 23:28:37,768:INFO:No inverse transformer found
2020-09-13 23:28:37,768:INFO:Compiling Metrics
2020-09-13 23:28:37,780:INFO:Initializing Fold 8
2020-09-13 23:28:37,782:INFO:Total runtime is 0.8344529986381534 minutes
2020-09-13 23:28:37,794:INFO:Fitting Model
2020-09-13 23:28:37,905:INFO:Evaluating Metrics
2020-09-13 23:28:37,908:INFO:No inverse transformer found
2020-09-13 23:28:37,909:INFO:Compiling Metrics
2020-09-13 23:28:37,916:INFO:Initializing Fold 9
2020-09-13 23:28:37,917:INFO:Total runtime is 0.8367016951243086 minutes
2020-09-13 23:28:37,929:INFO:Fitting Model
2020-09-13 23:28:38,002:INFO:Evaluating Metrics
2020-09-13 23:28:38,006:INFO:No inverse transformer found
2020-09-13 23:28:38,006:INFO:Compiling Metrics
2020-09-13 23:28:38,020:INFO:Initializing Fold 10
2020-09-13 23:28:38,022:INFO:Total runtime is 0.8384506940841678 minutes
2020-09-13 23:28:38,034:INFO:Fitting Model
2020-09-13 23:28:38,126:INFO:Evaluating Metrics
2020-09-13 23:28:38,129:INFO:No inverse transformer found
2020-09-13 23:28:38,129:INFO:Compiling Metrics
2020-09-13 23:28:38,140:INFO:Calculating mean and std
2020-09-13 23:28:38,140:INFO:Creating metrics dataframe
2020-09-13 23:28:38,175:INFO:Initializing Support Vector Machine
2020-09-13 23:28:38,186:INFO:Initializing Fold 1
2020-09-13 23:28:38,188:INFO:Total runtime is 0.841199111938477 minutes
2020-09-13 23:28:38,199:INFO:Fitting Model
2020-09-13 23:28:38,311:INFO:Evaluating Metrics
2020-09-13 23:28:38,321:INFO:No inverse transformer found
2020-09-13 23:28:38,321:INFO:Compiling Metrics
2020-09-13 23:28:38,335:INFO:Initializing Fold 2
2020-09-13 23:28:38,337:INFO:Total runtime is 0.8436810215314233 minutes
2020-09-13 23:28:38,347:INFO:Fitting Model
2020-09-13 23:28:38,426:INFO:Evaluating Metrics
2020-09-13 23:28:38,436:INFO:No inverse transformer found
2020-09-13 23:28:38,436:INFO:Compiling Metrics
2020-09-13 23:28:38,448:INFO:Initializing Fold 3
2020-09-13 23:28:38,450:INFO:Total runtime is 0.8455632805824284 minutes
2020-09-13 23:28:38,462:INFO:Fitting Model
2020-09-13 23:28:38,543:INFO:Evaluating Metrics
2020-09-13 23:28:38,552:INFO:No inverse transformer found
2020-09-13 23:28:38,552:INFO:Compiling Metrics
2020-09-13 23:28:38,563:INFO:Initializing Fold 4
2020-09-13 23:28:38,564:INFO:Total runtime is 0.8474788506825769 minutes
2020-09-13 23:28:38,575:INFO:Fitting Model
2020-09-13 23:28:38,655:INFO:Evaluating Metrics
2020-09-13 23:28:38,664:INFO:No inverse transformer found
2020-09-13 23:28:38,664:INFO:Compiling Metrics
2020-09-13 23:28:38,674:INFO:Initializing Fold 5
2020-09-13 23:28:38,675:INFO:Total runtime is 0.8493277827898665 minutes
2020-09-13 23:28:38,684:INFO:Fitting Model
2020-09-13 23:28:38,766:INFO:Evaluating Metrics
2020-09-13 23:28:38,776:INFO:No inverse transformer found
2020-09-13 23:28:38,776:INFO:Compiling Metrics
2020-09-13 23:28:38,787:INFO:Initializing Fold 6
2020-09-13 23:28:38,788:INFO:Total runtime is 0.8512100299199427 minutes
2020-09-13 23:28:38,798:INFO:Fitting Model
2020-09-13 23:28:38,879:INFO:Evaluating Metrics
2020-09-13 23:28:38,888:INFO:No inverse transformer found
2020-09-13 23:28:38,888:INFO:Compiling Metrics
2020-09-13 23:28:38,898:INFO:Initializing Fold 7
2020-09-13 23:28:38,900:INFO:Total runtime is 0.8530756115913396 minutes
2020-09-13 23:28:38,910:INFO:Fitting Model
2020-09-13 23:28:38,988:INFO:Evaluating Metrics
2020-09-13 23:28:38,996:INFO:No inverse transformer found
2020-09-13 23:28:38,997:INFO:Compiling Metrics
2020-09-13 23:28:39,005:INFO:Initializing Fold 8
2020-09-13 23:28:39,006:INFO:Total runtime is 0.8548412720362351 minutes
2020-09-13 23:28:39,016:INFO:Fitting Model
2020-09-13 23:28:39,094:INFO:Evaluating Metrics
2020-09-13 23:28:39,103:INFO:No inverse transformer found
2020-09-13 23:28:39,103:INFO:Compiling Metrics
2020-09-13 23:28:39,113:INFO:Initializing Fold 9
2020-09-13 23:28:39,114:INFO:Total runtime is 0.8566402435302739 minutes
2020-09-13 23:28:39,125:INFO:Fitting Model
2020-09-13 23:28:39,216:INFO:Evaluating Metrics
2020-09-13 23:28:39,226:INFO:No inverse transformer found
2020-09-13 23:28:39,226:INFO:Compiling Metrics
2020-09-13 23:28:39,236:INFO:Initializing Fold 10
2020-09-13 23:28:39,237:INFO:Total runtime is 0.8586890498797104 minutes
2020-09-13 23:28:39,247:INFO:Fitting Model
2020-09-13 23:28:39,329:INFO:Evaluating Metrics
2020-09-13 23:28:39,338:INFO:No inverse transformer found
2020-09-13 23:28:39,338:INFO:Compiling Metrics
2020-09-13 23:28:39,348:INFO:Calculating mean and std
2020-09-13 23:28:39,349:INFO:Creating metrics dataframe
2020-09-13 23:28:39,370:INFO:Initializing K Neighbors Regressor
2020-09-13 23:28:39,380:INFO:Initializing Fold 1
2020-09-13 23:28:39,381:INFO:Total runtime is 0.8610876798629766 minutes
2020-09-13 23:28:39,393:INFO:Fitting Model
2020-09-13 23:28:39,431:INFO:Evaluating Metrics
2020-09-13 23:28:39,538:INFO:No inverse transformer found
2020-09-13 23:28:39,538:INFO:Compiling Metrics
2020-09-13 23:28:39,548:INFO:Initializing Fold 2
2020-09-13 23:28:39,549:INFO:Total runtime is 0.8639026880264288 minutes
2020-09-13 23:28:39,559:INFO:Fitting Model
2020-09-13 23:28:39,574:INFO:Evaluating Metrics
2020-09-13 23:28:39,682:INFO:No inverse transformer found
2020-09-13 23:28:39,682:INFO:Compiling Metrics
2020-09-13 23:28:39,692:INFO:Initializing Fold 3
2020-09-13 23:28:39,693:INFO:Total runtime is 0.8663013299306239 minutes
2020-09-13 23:28:39,703:INFO:Fitting Model
2020-09-13 23:28:39,719:INFO:Evaluating Metrics
2020-09-13 23:28:39,827:INFO:No inverse transformer found
2020-09-13 23:28:39,827:INFO:Compiling Metrics
2020-09-13 23:28:39,837:INFO:Initializing Fold 4
2020-09-13 23:28:39,838:INFO:Total runtime is 0.8687165975570684 minutes
2020-09-13 23:28:39,847:INFO:Fitting Model
2020-09-13 23:28:39,863:INFO:Evaluating Metrics
2020-09-13 23:28:39,972:INFO:No inverse transformer found
2020-09-13 23:28:39,972:INFO:Compiling Metrics
2020-09-13 23:28:39,982:INFO:Initializing Fold 5
2020-09-13 23:28:39,983:INFO:Total runtime is 0.8711318810780848 minutes
2020-09-13 23:28:39,993:INFO:Fitting Model
2020-09-13 23:28:40,010:INFO:Evaluating Metrics
2020-09-13 23:28:40,118:INFO:No inverse transformer found
2020-09-13 23:28:40,118:INFO:Compiling Metrics
2020-09-13 23:28:40,128:INFO:Initializing Fold 6
2020-09-13 23:28:40,129:INFO:Total runtime is 0.8735638141632085 minutes
2020-09-13 23:28:40,139:INFO:Fitting Model
2020-09-13 23:28:40,158:INFO:Evaluating Metrics
2020-09-13 23:28:40,266:INFO:No inverse transformer found
2020-09-13 23:28:40,266:INFO:Compiling Metrics
2020-09-13 23:28:40,276:INFO:Initializing Fold 7
2020-09-13 23:28:40,277:INFO:Total runtime is 0.8760290622711187 minutes
2020-09-13 23:28:40,287:INFO:Fitting Model
2020-09-13 23:28:40,303:INFO:Evaluating Metrics
2020-09-13 23:28:40,411:INFO:No inverse transformer found
2020-09-13 23:28:40,411:INFO:Compiling Metrics
2020-09-13 23:28:40,421:INFO:Initializing Fold 8
2020-09-13 23:28:40,422:INFO:Total runtime is 0.8784443378448491 minutes
2020-09-13 23:28:40,431:INFO:Fitting Model
2020-09-13 23:28:40,455:INFO:Evaluating Metrics
2020-09-13 23:28:40,565:INFO:No inverse transformer found
2020-09-13 23:28:40,565:INFO:Compiling Metrics
2020-09-13 23:28:40,575:INFO:Initializing Fold 9
2020-09-13 23:28:40,576:INFO:Total runtime is 0.8810095389684046 minutes
2020-09-13 23:28:40,586:INFO:Fitting Model
2020-09-13 23:28:40,601:INFO:Evaluating Metrics
2020-09-13 23:28:40,709:INFO:No inverse transformer found
2020-09-13 23:28:40,709:INFO:Compiling Metrics
2020-09-13 23:28:40,724:INFO:Initializing Fold 10
2020-09-13 23:28:40,725:INFO:Total runtime is 0.8834914167722071 minutes
2020-09-13 23:28:40,735:INFO:Fitting Model
2020-09-13 23:28:40,760:INFO:Evaluating Metrics
2020-09-13 23:28:40,869:INFO:No inverse transformer found
2020-09-13 23:28:40,869:INFO:Compiling Metrics
2020-09-13 23:28:40,884:INFO:Calculating mean and std
2020-09-13 23:28:40,885:INFO:Creating metrics dataframe
2020-09-13 23:28:40,909:INFO:Initializing Decision Tree
2020-09-13 23:28:40,919:INFO:Initializing Fold 1
2020-09-13 23:28:40,920:INFO:Total runtime is 0.886739552021027 minutes
2020-09-13 23:28:40,932:INFO:Fitting Model
2020-09-13 23:28:40,952:INFO:Evaluating Metrics
2020-09-13 23:28:40,956:INFO:No inverse transformer found
2020-09-13 23:28:40,956:INFO:Compiling Metrics
2020-09-13 23:28:40,966:INFO:Initializing Fold 2
2020-09-13 23:28:40,968:INFO:Total runtime is 0.8875390966733301 minutes
2020-09-13 23:28:40,979:INFO:Fitting Model
2020-09-13 23:28:41,002:INFO:Evaluating Metrics
2020-09-13 23:28:41,006:INFO:No inverse transformer found
2020-09-13 23:28:41,006:INFO:Compiling Metrics
2020-09-13 23:28:41,015:INFO:Initializing Fold 3
2020-09-13 23:28:41,017:INFO:Total runtime is 0.8883552789688115 minutes
2020-09-13 23:28:41,026:INFO:Fitting Model
2020-09-13 23:28:41,048:INFO:Evaluating Metrics
2020-09-13 23:28:41,053:INFO:No inverse transformer found
2020-09-13 23:28:41,053:INFO:Compiling Metrics
2020-09-13 23:28:41,067:INFO:Initializing Fold 4
2020-09-13 23:28:41,068:INFO:Total runtime is 0.8892048041025802 minutes
2020-09-13 23:28:41,078:INFO:Fitting Model
2020-09-13 23:28:41,099:INFO:Evaluating Metrics
2020-09-13 23:28:41,102:INFO:No inverse transformer found
2020-09-13 23:28:41,103:INFO:Compiling Metrics
2020-09-13 23:28:41,113:INFO:Initializing Fold 5
2020-09-13 23:28:41,115:INFO:Total runtime is 0.8899710377057398 minutes
2020-09-13 23:28:41,126:INFO:Fitting Model
2020-09-13 23:28:41,144:INFO:Evaluating Metrics
2020-09-13 23:28:41,147:INFO:No inverse transformer found
2020-09-13 23:28:41,147:INFO:Compiling Metrics
2020-09-13 23:28:41,159:INFO:Initializing Fold 6
2020-09-13 23:28:41,160:INFO:Total runtime is 0.8907372593879704 minutes
2020-09-13 23:28:41,169:INFO:Fitting Model
2020-09-13 23:28:41,187:INFO:Evaluating Metrics
2020-09-13 23:28:41,190:INFO:No inverse transformer found
2020-09-13 23:28:41,190:INFO:Compiling Metrics
2020-09-13 23:28:41,200:INFO:Initializing Fold 7
2020-09-13 23:28:41,201:INFO:Total runtime is 0.8914368470509851 minutes
2020-09-13 23:28:41,211:INFO:Fitting Model
2020-09-13 23:28:41,228:INFO:Evaluating Metrics
2020-09-13 23:28:41,231:INFO:No inverse transformer found
2020-09-13 23:28:41,231:INFO:Compiling Metrics
2020-09-13 23:28:41,243:INFO:Initializing Fold 8
2020-09-13 23:28:41,244:INFO:Total runtime is 0.892153116067251 minutes
2020-09-13 23:28:41,254:INFO:Fitting Model
2020-09-13 23:28:41,272:INFO:Evaluating Metrics
2020-09-13 23:28:41,275:INFO:No inverse transformer found
2020-09-13 23:28:41,276:INFO:Compiling Metrics
2020-09-13 23:28:41,285:INFO:Initializing Fold 9
2020-09-13 23:28:41,286:INFO:Total runtime is 0.8928527077039087 minutes
2020-09-13 23:28:41,295:INFO:Fitting Model
2020-09-13 23:28:41,312:INFO:Evaluating Metrics
2020-09-13 23:28:41,315:INFO:No inverse transformer found
2020-09-13 23:28:41,315:INFO:Compiling Metrics
2020-09-13 23:28:41,327:INFO:Initializing Fold 10
2020-09-13 23:28:41,328:INFO:Total runtime is 0.8935522834459945 minutes
2020-09-13 23:28:41,337:INFO:Fitting Model
2020-09-13 23:28:41,355:INFO:Evaluating Metrics
2020-09-13 23:28:41,358:INFO:No inverse transformer found
2020-09-13 23:28:41,358:INFO:Compiling Metrics
2020-09-13 23:28:41,368:INFO:Calculating mean and std
2020-09-13 23:28:41,369:INFO:Creating metrics dataframe
2020-09-13 23:28:41,394:INFO:Initializing Random Forest
2020-09-13 23:28:41,403:INFO:Initializing Fold 1
2020-09-13 23:28:41,405:INFO:Total runtime is 0.8948349674542749 minutes
2020-09-13 23:28:41,417:INFO:Fitting Model
2020-09-13 23:28:41,807:INFO:Evaluating Metrics
2020-09-13 23:28:41,914:INFO:No inverse transformer found
2020-09-13 23:28:41,914:INFO:Compiling Metrics
2020-09-13 23:28:41,926:INFO:Initializing Fold 2
2020-09-13 23:28:41,927:INFO:Total runtime is 0.9035298824310307 minutes
2020-09-13 23:28:41,939:INFO:Fitting Model
2020-09-13 23:28:42,324:INFO:Evaluating Metrics
2020-09-13 23:28:42,431:INFO:No inverse transformer found
2020-09-13 23:28:42,431:INFO:Compiling Metrics
2020-09-13 23:28:42,441:INFO:Initializing Fold 3
2020-09-13 23:28:42,442:INFO:Total runtime is 0.9121082822481795 minutes
2020-09-13 23:28:42,451:INFO:Fitting Model
2020-09-13 23:28:42,820:INFO:Evaluating Metrics
2020-09-13 23:28:42,926:INFO:No inverse transformer found
2020-09-13 23:28:42,926:INFO:Compiling Metrics
2020-09-13 23:28:42,934:INFO:Initializing Fold 4
2020-09-13 23:28:42,935:INFO:Total runtime is 0.9203368822733565 minutes
2020-09-13 23:28:42,948:INFO:Fitting Model
2020-09-13 23:28:43,327:INFO:Evaluating Metrics
2020-09-13 23:28:43,434:INFO:No inverse transformer found
2020-09-13 23:28:43,434:INFO:Compiling Metrics
2020-09-13 23:28:43,443:INFO:Initializing Fold 5
2020-09-13 23:28:43,444:INFO:Total runtime is 0.9288153330485031 minutes
2020-09-13 23:28:43,452:INFO:Fitting Model
2020-09-13 23:28:43,814:INFO:Evaluating Metrics
2020-09-13 23:28:43,920:INFO:No inverse transformer found
2020-09-13 23:28:43,920:INFO:Compiling Metrics
2020-09-13 23:28:43,929:INFO:Initializing Fold 6
2020-09-13 23:28:43,930:INFO:Total runtime is 0.9369106690088912 minutes
2020-09-13 23:28:43,943:INFO:Fitting Model
2020-09-13 23:28:44,335:INFO:Evaluating Metrics
2020-09-13 23:28:44,442:INFO:No inverse transformer found
2020-09-13 23:28:44,442:INFO:Compiling Metrics
2020-09-13 23:28:44,450:INFO:Initializing Fold 7
2020-09-13 23:28:44,451:INFO:Total runtime is 0.9455889900525415 minutes
2020-09-13 23:28:44,464:INFO:Fitting Model
2020-09-13 23:28:44,843:INFO:Evaluating Metrics
2020-09-13 23:28:44,949:INFO:No inverse transformer found
2020-09-13 23:28:44,949:INFO:Compiling Metrics
2020-09-13 23:28:44,959:INFO:Initializing Fold 8
2020-09-13 23:28:44,960:INFO:Total runtime is 0.9540841023127242 minutes
2020-09-13 23:28:44,969:INFO:Fitting Model
2020-09-13 23:28:45,333:INFO:Evaluating Metrics
2020-09-13 23:28:45,439:INFO:No inverse transformer found
2020-09-13 23:28:45,439:INFO:Compiling Metrics
2020-09-13 23:28:45,447:INFO:Initializing Fold 9
2020-09-13 23:28:45,448:INFO:Total runtime is 0.9622127850850427 minutes
2020-09-13 23:28:45,456:INFO:Fitting Model
2020-09-13 23:28:45,825:INFO:Evaluating Metrics
2020-09-13 23:28:45,932:INFO:No inverse transformer found
2020-09-13 23:28:45,932:INFO:Compiling Metrics
2020-09-13 23:28:45,942:INFO:Initializing Fold 10
2020-09-13 23:28:45,943:INFO:Total runtime is 0.9704580108324691 minutes
2020-09-13 23:28:45,952:INFO:Fitting Model
2020-09-13 23:28:46,322:INFO:Evaluating Metrics
2020-09-13 23:28:46,427:INFO:No inverse transformer found
2020-09-13 23:28:46,427:INFO:Compiling Metrics
2020-09-13 23:28:46,435:INFO:Calculating mean and std
2020-09-13 23:28:46,436:INFO:Creating metrics dataframe
2020-09-13 23:28:46,454:INFO:Initializing Extra Trees Regressor
2020-09-13 23:28:46,461:INFO:Initializing Fold 1
2020-09-13 23:28:46,462:INFO:Total runtime is 0.9791196823120121 minutes
2020-09-13 23:28:46,473:INFO:Fitting Model
2020-09-13 23:28:46,730:INFO:Evaluating Metrics
2020-09-13 23:28:46,836:INFO:No inverse transformer found
2020-09-13 23:28:46,836:INFO:Compiling Metrics
2020-09-13 23:28:46,845:INFO:Initializing Fold 2
2020-09-13 23:28:46,846:INFO:Total runtime is 0.9855160236358647 minutes
2020-09-13 23:28:46,856:INFO:Fitting Model
2020-09-13 23:28:47,117:INFO:Evaluating Metrics
2020-09-13 23:28:47,224:INFO:No inverse transformer found
2020-09-13 23:28:47,224:INFO:Compiling Metrics
2020-09-13 23:28:47,235:INFO:Initializing Fold 3
2020-09-13 23:28:47,236:INFO:Total runtime is 0.9920122623443608 minutes
2020-09-13 23:28:47,246:INFO:Fitting Model
2020-09-13 23:28:47,503:INFO:Evaluating Metrics
2020-09-13 23:28:47,611:INFO:No inverse transformer found
2020-09-13 23:28:47,611:INFO:Compiling Metrics
2020-09-13 23:28:47,621:INFO:Initializing Fold 4
2020-09-13 23:28:47,622:INFO:Total runtime is 0.9984419107437138 minutes
2020-09-13 23:28:47,632:INFO:Fitting Model
2020-09-13 23:28:47,890:INFO:Evaluating Metrics
2020-09-13 23:28:47,998:INFO:No inverse transformer found
2020-09-13 23:28:47,998:INFO:Compiling Metrics
2020-09-13 23:28:48,008:INFO:Initializing Fold 5
2020-09-13 23:28:48,009:INFO:Total runtime is 1.0048881848653162 minutes
2020-09-13 23:28:48,018:INFO:Fitting Model
2020-09-13 23:28:48,276:INFO:Evaluating Metrics
2020-09-13 23:28:48,383:INFO:No inverse transformer found
2020-09-13 23:28:48,383:INFO:Compiling Metrics
2020-09-13 23:28:48,393:INFO:Initializing Fold 6
2020-09-13 23:28:48,394:INFO:Total runtime is 1.0113178133964542 minutes
2020-09-13 23:28:48,404:INFO:Fitting Model
2020-09-13 23:28:48,664:INFO:Evaluating Metrics
2020-09-13 23:28:48,772:INFO:No inverse transformer found
2020-09-13 23:28:48,772:INFO:Compiling Metrics
2020-09-13 23:28:48,785:INFO:Initializing Fold 7
2020-09-13 23:28:48,787:INFO:Total runtime is 1.01786402463913 minutes
2020-09-13 23:28:48,798:INFO:Fitting Model
2020-09-13 23:28:49,082:INFO:Evaluating Metrics
2020-09-13 23:28:49,189:INFO:No inverse transformer found
2020-09-13 23:28:49,189:INFO:Compiling Metrics
2020-09-13 23:28:49,197:INFO:Initializing Fold 8
2020-09-13 23:28:49,198:INFO:Total runtime is 1.0247100790341699 minutes
2020-09-13 23:28:49,208:INFO:Fitting Model
2020-09-13 23:28:49,485:INFO:Evaluating Metrics
2020-09-13 23:28:49,591:INFO:No inverse transformer found
2020-09-13 23:28:49,591:INFO:Compiling Metrics
2020-09-13 23:28:49,600:INFO:Initializing Fold 9
2020-09-13 23:28:49,601:INFO:Total runtime is 1.0314229011535647 minutes
2020-09-13 23:28:49,609:INFO:Fitting Model
2020-09-13 23:28:49,905:INFO:Evaluating Metrics
2020-09-13 23:28:50,012:INFO:No inverse transformer found
2020-09-13 23:28:50,012:INFO:Compiling Metrics
2020-09-13 23:28:50,027:INFO:Initializing Fold 10
2020-09-13 23:28:50,028:INFO:Total runtime is 1.0385521292686466 minutes
2020-09-13 23:28:50,037:INFO:Fitting Model
2020-09-13 23:28:50,333:INFO:Evaluating Metrics
2020-09-13 23:28:50,440:INFO:No inverse transformer found
2020-09-13 23:28:50,440:INFO:Compiling Metrics
2020-09-13 23:28:50,452:INFO:Calculating mean and std
2020-09-13 23:28:50,453:INFO:Creating metrics dataframe
2020-09-13 23:28:50,491:INFO:Initializing AdaBoost Regressor
2020-09-13 23:28:50,499:INFO:Initializing Fold 1
2020-09-13 23:28:50,500:INFO:Total runtime is 1.0464142600695296 minutes
2020-09-13 23:28:50,509:INFO:Fitting Model
2020-09-13 23:28:50,630:INFO:Evaluating Metrics
2020-09-13 23:28:50,634:INFO:No inverse transformer found
2020-09-13 23:28:50,635:INFO:Compiling Metrics
2020-09-13 23:28:50,643:INFO:Initializing Fold 2
2020-09-13 23:28:50,644:INFO:Total runtime is 1.0488047321637475 minutes
2020-09-13 23:28:50,652:INFO:Fitting Model
2020-09-13 23:28:50,747:INFO:Evaluating Metrics
2020-09-13 23:28:50,751:INFO:No inverse transformer found
2020-09-13 23:28:50,751:INFO:Compiling Metrics
2020-09-13 23:28:50,764:INFO:Initializing Fold 3
2020-09-13 23:28:50,765:INFO:Total runtime is 1.0508368889490767 minutes
2020-09-13 23:28:50,776:INFO:Fitting Model
2020-09-13 23:28:50,842:INFO:Evaluating Metrics
2020-09-13 23:28:50,845:INFO:No inverse transformer found
2020-09-13 23:28:50,846:INFO:Compiling Metrics
2020-09-13 23:28:50,854:INFO:Initializing Fold 4
2020-09-13 23:28:50,855:INFO:Total runtime is 1.0523360331853233 minutes
2020-09-13 23:28:50,863:INFO:Fitting Model
2020-09-13 23:28:50,952:INFO:Evaluating Metrics
2020-09-13 23:28:50,957:INFO:No inverse transformer found
2020-09-13 23:28:50,958:INFO:Compiling Metrics
2020-09-13 23:28:50,965:INFO:Initializing Fold 5
2020-09-13 23:28:50,966:INFO:Total runtime is 1.054184957345327 minutes
2020-09-13 23:28:50,978:INFO:Fitting Model
2020-09-13 23:28:51,108:INFO:Evaluating Metrics
2020-09-13 23:28:51,112:INFO:No inverse transformer found
2020-09-13 23:28:51,113:INFO:Compiling Metrics
2020-09-13 23:28:51,121:INFO:Initializing Fold 6
2020-09-13 23:28:51,122:INFO:Total runtime is 1.05678346157074 minutes
2020-09-13 23:28:51,130:INFO:Fitting Model
2020-09-13 23:28:51,205:INFO:Evaluating Metrics
2020-09-13 23:28:51,209:INFO:No inverse transformer found
2020-09-13 23:28:51,209:INFO:Compiling Metrics
2020-09-13 23:28:51,217:INFO:Initializing Fold 7
2020-09-13 23:28:51,219:INFO:Total runtime is 1.0583825548489891 minutes
2020-09-13 23:28:51,229:INFO:Fitting Model
2020-09-13 23:28:51,295:INFO:Evaluating Metrics
2020-09-13 23:28:51,301:INFO:No inverse transformer found
2020-09-13 23:28:51,301:INFO:Compiling Metrics
2020-09-13 23:28:51,313:INFO:Initializing Fold 8
2020-09-13 23:28:51,314:INFO:Total runtime is 1.0599816242853803 minutes
2020-09-13 23:28:51,327:INFO:Fitting Model
2020-09-13 23:28:51,404:INFO:Evaluating Metrics
2020-09-13 23:28:51,411:INFO:No inverse transformer found
2020-09-13 23:28:51,411:INFO:Compiling Metrics
2020-09-13 23:28:51,426:INFO:Initializing Fold 9
2020-09-13 23:28:51,427:INFO:Total runtime is 1.0618638753890994 minutes
2020-09-13 23:28:51,440:INFO:Fitting Model
2020-09-13 23:28:51,524:INFO:Evaluating Metrics
2020-09-13 23:28:51,531:INFO:No inverse transformer found
2020-09-13 23:28:51,531:INFO:Compiling Metrics
2020-09-13 23:28:51,544:INFO:Initializing Fold 10
2020-09-13 23:28:51,546:INFO:Total runtime is 1.0638293981552127 minutes
2020-09-13 23:28:51,563:INFO:Fitting Model
2020-09-13 23:28:51,636:INFO:Evaluating Metrics
2020-09-13 23:28:51,641:INFO:No inverse transformer found
2020-09-13 23:28:51,641:INFO:Compiling Metrics
2020-09-13 23:28:51,655:INFO:Calculating mean and std
2020-09-13 23:28:51,656:INFO:Creating metrics dataframe
2020-09-13 23:28:51,674:INFO:Initializing Gradient Boosting Regressor
2020-09-13 23:28:51,682:INFO:Initializing Fold 1
2020-09-13 23:28:51,684:INFO:Total runtime is 1.0661447485287987 minutes
2020-09-13 23:28:51,694:INFO:Fitting Model
2020-09-13 23:28:52,036:INFO:Evaluating Metrics
2020-09-13 23:28:52,039:INFO:No inverse transformer found
2020-09-13 23:28:52,040:INFO:Compiling Metrics
2020-09-13 23:28:52,048:INFO:Initializing Fold 2
2020-09-13 23:28:52,049:INFO:Total runtime is 1.0722245693206789 minutes
2020-09-13 23:28:52,059:INFO:Fitting Model
2020-09-13 23:28:52,365:INFO:Evaluating Metrics
2020-09-13 23:28:52,368:INFO:No inverse transformer found
2020-09-13 23:28:52,368:INFO:Compiling Metrics
2020-09-13 23:28:52,378:INFO:Initializing Fold 3
2020-09-13 23:28:52,379:INFO:Total runtime is 1.077721397082011 minutes
2020-09-13 23:28:52,389:INFO:Fitting Model
2020-09-13 23:28:52,716:INFO:Evaluating Metrics
2020-09-13 23:28:52,718:INFO:No inverse transformer found
2020-09-13 23:28:52,719:INFO:Compiling Metrics
2020-09-13 23:28:52,727:INFO:Initializing Fold 4
2020-09-13 23:28:52,728:INFO:Total runtime is 1.0835513949394227 minutes
2020-09-13 23:28:52,737:INFO:Fitting Model
2020-09-13 23:28:53,050:INFO:Evaluating Metrics
2020-09-13 23:28:53,053:INFO:No inverse transformer found
2020-09-13 23:28:53,054:INFO:Compiling Metrics
2020-09-13 23:28:53,062:INFO:Initializing Fold 5
2020-09-13 23:28:53,063:INFO:Total runtime is 1.089131518205007 minutes
2020-09-13 23:28:53,072:INFO:Fitting Model
2020-09-13 23:28:53,386:INFO:Evaluating Metrics
2020-09-13 23:28:53,389:INFO:No inverse transformer found
2020-09-13 23:28:53,389:INFO:Compiling Metrics
2020-09-13 23:28:53,398:INFO:Initializing Fold 6
2020-09-13 23:28:53,399:INFO:Total runtime is 1.0947283029556274 minutes
2020-09-13 23:28:53,407:INFO:Fitting Model
2020-09-13 23:28:53,730:INFO:Evaluating Metrics
2020-09-13 23:28:53,733:INFO:No inverse transformer found
2020-09-13 23:28:53,733:INFO:Compiling Metrics
2020-09-13 23:28:53,741:INFO:Initializing Fold 7
2020-09-13 23:28:53,742:INFO:Total runtime is 1.1004416624704996 minutes
2020-09-13 23:28:53,750:INFO:Fitting Model
2020-09-13 23:28:54,057:INFO:Evaluating Metrics
2020-09-13 23:28:54,060:INFO:No inverse transformer found
2020-09-13 23:28:54,060:INFO:Compiling Metrics
2020-09-13 23:28:54,069:INFO:Initializing Fold 8
2020-09-13 23:28:54,070:INFO:Total runtime is 1.1059051831563314 minutes
2020-09-13 23:28:54,079:INFO:Fitting Model
2020-09-13 23:28:54,380:INFO:Evaluating Metrics
2020-09-13 23:28:54,383:INFO:No inverse transformer found
2020-09-13 23:28:54,383:INFO:Compiling Metrics
2020-09-13 23:28:54,392:INFO:Initializing Fold 9
2020-09-13 23:28:54,393:INFO:Total runtime is 1.1113020618756613 minutes
2020-09-13 23:28:54,402:INFO:Fitting Model
2020-09-13 23:28:54,700:INFO:Evaluating Metrics
2020-09-13 23:28:54,704:INFO:No inverse transformer found
2020-09-13 23:28:54,704:INFO:Compiling Metrics
2020-09-13 23:28:54,712:INFO:Initializing Fold 10
2020-09-13 23:28:54,713:INFO:Total runtime is 1.1166323264439901 minutes
2020-09-13 23:28:54,722:INFO:Fitting Model
2020-09-13 23:28:55,026:INFO:Evaluating Metrics
2020-09-13 23:28:55,029:INFO:No inverse transformer found
2020-09-13 23:28:55,029:INFO:Compiling Metrics
2020-09-13 23:28:55,037:INFO:Calculating mean and std
2020-09-13 23:28:55,038:INFO:Creating metrics dataframe
2020-09-13 23:28:55,058:INFO:Initializing Extreme Gradient Boosting
2020-09-13 23:28:55,067:INFO:Initializing Fold 1
2020-09-13 23:28:55,069:INFO:Total runtime is 1.1225622336069743 minutes
2020-09-13 23:28:55,079:INFO:Fitting Model
2020-09-13 23:28:55,346:INFO:Evaluating Metrics
2020-09-13 23:28:55,348:INFO:No inverse transformer found
2020-09-13 23:28:55,348:INFO:Compiling Metrics
2020-09-13 23:28:55,357:INFO:Initializing Fold 2
2020-09-13 23:28:55,359:INFO:Total runtime is 1.127392800649007 minutes
2020-09-13 23:28:55,369:INFO:Fitting Model
2020-09-13 23:28:55,556:INFO:Evaluating Metrics
2020-09-13 23:28:55,558:INFO:No inverse transformer found
2020-09-13 23:28:55,558:INFO:Compiling Metrics
2020-09-13 23:28:55,567:INFO:Initializing Fold 3
2020-09-13 23:28:55,568:INFO:Total runtime is 1.1308741331100463 minutes
2020-09-13 23:28:55,581:INFO:Fitting Model
2020-09-13 23:28:55,770:INFO:Evaluating Metrics
2020-09-13 23:28:55,772:INFO:No inverse transformer found
2020-09-13 23:28:55,772:INFO:Compiling Metrics
2020-09-13 23:28:55,780:INFO:Initializing Fold 4
2020-09-13 23:28:55,781:INFO:Total runtime is 1.1344220876693725 minutes
2020-09-13 23:28:55,791:INFO:Fitting Model
2020-09-13 23:28:55,965:INFO:Evaluating Metrics
2020-09-13 23:28:55,967:INFO:No inverse transformer found
2020-09-13 23:28:55,968:INFO:Compiling Metrics
2020-09-13 23:28:55,977:INFO:Initializing Fold 5
2020-09-13 23:28:55,978:INFO:Total runtime is 1.1377201795578002 minutes
2020-09-13 23:28:55,989:INFO:Fitting Model
2020-09-13 23:28:56,161:INFO:Evaluating Metrics
2020-09-13 23:28:56,163:INFO:No inverse transformer found
2020-09-13 23:28:56,163:INFO:Compiling Metrics
2020-09-13 23:28:56,173:INFO:Initializing Fold 6
2020-09-13 23:28:56,174:INFO:Total runtime is 1.1409849603970845 minutes
2020-09-13 23:28:56,183:INFO:Fitting Model
2020-09-13 23:28:56,341:INFO:Evaluating Metrics
2020-09-13 23:28:56,343:INFO:No inverse transformer found
2020-09-13 23:28:56,344:INFO:Compiling Metrics
2020-09-13 23:28:56,353:INFO:Initializing Fold 7
2020-09-13 23:28:56,354:INFO:Total runtime is 1.143983248869578 minutes
2020-09-13 23:28:56,364:INFO:Fitting Model
2020-09-13 23:28:56,537:INFO:Evaluating Metrics
2020-09-13 23:28:56,539:INFO:No inverse transformer found
2020-09-13 23:28:56,539:INFO:Compiling Metrics
2020-09-13 23:28:56,547:INFO:Initializing Fold 8
2020-09-13 23:28:56,549:INFO:Total runtime is 1.147231364250183 minutes
2020-09-13 23:28:56,560:INFO:Fitting Model
2020-09-13 23:28:56,720:INFO:Evaluating Metrics
2020-09-13 23:28:56,723:INFO:No inverse transformer found
2020-09-13 23:28:56,723:INFO:Compiling Metrics
2020-09-13 23:28:56,732:INFO:Initializing Fold 9
2020-09-13 23:28:56,733:INFO:Total runtime is 1.1502962629000344 minutes
2020-09-13 23:28:56,742:INFO:Fitting Model
2020-09-13 23:28:56,909:INFO:Evaluating Metrics
2020-09-13 23:28:56,912:INFO:No inverse transformer found
2020-09-13 23:28:56,912:INFO:Compiling Metrics
2020-09-13 23:28:56,921:INFO:Initializing Fold 10
2020-09-13 23:28:56,923:INFO:Total runtime is 1.1534611066182452 minutes
2020-09-13 23:28:56,932:INFO:Fitting Model
2020-09-13 23:28:57,124:INFO:Evaluating Metrics
2020-09-13 23:28:57,126:INFO:No inverse transformer found
2020-09-13 23:28:57,127:INFO:Compiling Metrics
2020-09-13 23:28:57,137:INFO:Calculating mean and std
2020-09-13 23:28:57,138:INFO:Creating metrics dataframe
2020-09-13 23:28:57,159:INFO:Initializing Light Gradient Boosting Machine
2020-09-13 23:28:57,168:INFO:Initializing Fold 1
2020-09-13 23:28:57,170:INFO:Total runtime is 1.157575404644012 minutes
2020-09-13 23:28:57,182:INFO:Fitting Model
2020-09-13 23:28:57,405:INFO:Evaluating Metrics
2020-09-13 23:28:57,412:INFO:No inverse transformer found
2020-09-13 23:28:57,413:INFO:Compiling Metrics
2020-09-13 23:28:57,430:INFO:Initializing Fold 2
2020-09-13 23:28:57,432:INFO:Total runtime is 1.1619395454724626 minutes
2020-09-13 23:28:57,447:INFO:Fitting Model
2020-09-13 23:28:57,683:INFO:Evaluating Metrics
2020-09-13 23:28:57,689:INFO:No inverse transformer found
2020-09-13 23:28:57,689:INFO:Compiling Metrics
2020-09-13 23:28:57,703:INFO:Initializing Fold 3
2020-09-13 23:28:57,705:INFO:Total runtime is 1.1665035923322038 minutes
2020-09-13 23:28:57,719:INFO:Fitting Model
2020-09-13 23:28:57,951:INFO:Evaluating Metrics
2020-09-13 23:28:57,958:INFO:No inverse transformer found
2020-09-13 23:28:57,959:INFO:Compiling Metrics
2020-09-13 23:28:57,975:INFO:Initializing Fold 4
2020-09-13 23:28:57,977:INFO:Total runtime is 1.1710343043009437 minutes
2020-09-13 23:28:57,989:INFO:Fitting Model
2020-09-13 23:28:58,217:INFO:Evaluating Metrics
2020-09-13 23:28:58,224:INFO:No inverse transformer found
2020-09-13 23:28:58,225:INFO:Compiling Metrics
2020-09-13 23:28:58,244:INFO:Initializing Fold 5
2020-09-13 23:28:58,245:INFO:Total runtime is 1.1754984140396114 minutes
2020-09-13 23:28:58,258:INFO:Fitting Model
2020-09-13 23:28:58,500:INFO:Evaluating Metrics
2020-09-13 23:28:58,506:INFO:No inverse transformer found
2020-09-13 23:28:58,507:INFO:Compiling Metrics
2020-09-13 23:28:58,521:INFO:Initializing Fold 6
2020-09-13 23:28:58,522:INFO:Total runtime is 1.1801124374071752 minutes
2020-09-13 23:28:58,535:INFO:Fitting Model
2020-09-13 23:28:58,791:INFO:Evaluating Metrics
2020-09-13 23:28:58,799:INFO:No inverse transformer found
2020-09-13 23:28:58,799:INFO:Compiling Metrics
2020-09-13 23:28:58,817:INFO:Initializing Fold 7
2020-09-13 23:28:58,818:INFO:Total runtime is 1.1850429137547807 minutes
2020-09-13 23:28:58,831:INFO:Fitting Model
2020-09-13 23:28:59,077:INFO:Evaluating Metrics
2020-09-13 23:28:59,084:INFO:No inverse transformer found
2020-09-13 23:28:59,084:INFO:Compiling Metrics
2020-09-13 23:28:59,102:INFO:Initializing Fold 8
2020-09-13 23:28:59,104:INFO:Total runtime is 1.1898068428039545 minutes
2020-09-13 23:28:59,117:INFO:Fitting Model
2020-09-13 23:28:59,362:INFO:Evaluating Metrics
2020-09-13 23:28:59,369:INFO:No inverse transformer found
2020-09-13 23:28:59,370:INFO:Compiling Metrics
2020-09-13 23:28:59,388:INFO:Initializing Fold 9
2020-09-13 23:28:59,389:INFO:Total runtime is 1.1945541063944494 minutes
2020-09-13 23:28:59,400:INFO:Fitting Model
2020-09-13 23:28:59,640:INFO:Evaluating Metrics
2020-09-13 23:28:59,648:INFO:No inverse transformer found
2020-09-13 23:28:59,648:INFO:Compiling Metrics
2020-09-13 23:28:59,667:INFO:Initializing Fold 10
2020-09-13 23:28:59,668:INFO:Total runtime is 1.199218086401621 minutes
2020-09-13 23:28:59,682:INFO:Fitting Model
2020-09-13 23:28:59,938:INFO:Evaluating Metrics
2020-09-13 23:28:59,943:INFO:No inverse transformer found
2020-09-13 23:28:59,944:INFO:Compiling Metrics
2020-09-13 23:28:59,958:INFO:Calculating mean and std
2020-09-13 23:28:59,959:INFO:Creating metrics dataframe
2020-09-13 23:28:59,997:INFO:Initializing CatBoost Regressor
2020-09-13 23:29:00,009:INFO:Initializing Fold 1
2020-09-13 23:29:00,010:INFO:Total runtime is 1.204914808273315 minutes
2020-09-13 23:29:00,022:INFO:Fitting Model
2020-09-13 23:29:03,285:INFO:Evaluating Metrics
2020-09-13 23:29:03,292:INFO:No inverse transformer found
2020-09-13 23:29:03,292:INFO:Compiling Metrics
2020-09-13 23:29:03,301:INFO:Initializing Fold 2
2020-09-13 23:29:03,302:INFO:Total runtime is 1.2597831964492794 minutes
2020-09-13 23:29:03,313:INFO:Fitting Model
2020-09-13 23:29:06,720:INFO:Evaluating Metrics
2020-09-13 23:29:06,728:INFO:No inverse transformer found
2020-09-13 23:29:06,729:INFO:Compiling Metrics
2020-09-13 23:29:06,742:INFO:Initializing Fold 3
2020-09-13 23:29:06,743:INFO:Total runtime is 1.3171335101127621 minutes
2020-09-13 23:29:06,752:INFO:Fitting Model
2020-09-13 23:29:10,242:INFO:Evaluating Metrics
2020-09-13 23:29:10,252:INFO:No inverse transformer found
2020-09-13 23:29:10,252:INFO:Compiling Metrics
2020-09-13 23:29:10,267:INFO:Initializing Fold 4
2020-09-13 23:29:10,268:INFO:Total runtime is 1.3758748133977252 minutes
2020-09-13 23:29:10,278:INFO:Fitting Model
2020-09-13 23:29:13,693:INFO:Evaluating Metrics
2020-09-13 23:29:13,698:INFO:No inverse transformer found
2020-09-13 23:29:13,698:INFO:Compiling Metrics
2020-09-13 23:29:13,707:INFO:Initializing Fold 5
2020-09-13 23:29:13,708:INFO:Total runtime is 1.4332084616025287 minutes
2020-09-13 23:29:13,717:INFO:Fitting Model
2020-09-13 23:29:17,183:INFO:Evaluating Metrics
2020-09-13 23:29:17,189:INFO:No inverse transformer found
2020-09-13 23:29:17,190:INFO:Compiling Metrics
2020-09-13 23:29:17,199:INFO:Initializing Fold 6
2020-09-13 23:29:17,200:INFO:Total runtime is 1.4914082487424212 minutes
2020-09-13 23:29:17,211:INFO:Fitting Model
2020-09-13 23:29:20,249:INFO:Evaluating Metrics
2020-09-13 23:29:20,256:INFO:No inverse transformer found
2020-09-13 23:29:20,256:INFO:Compiling Metrics
2020-09-13 23:29:20,265:INFO:Initializing Fold 7
2020-09-13 23:29:20,266:INFO:Total runtime is 1.5425121704737343 minutes
2020-09-13 23:29:20,275:INFO:Fitting Model
2020-09-13 23:29:23,783:INFO:Evaluating Metrics
2020-09-13 23:29:23,792:INFO:No inverse transformer found
2020-09-13 23:29:23,792:INFO:Compiling Metrics
2020-09-13 23:29:23,802:INFO:Initializing Fold 8
2020-09-13 23:29:23,803:INFO:Total runtime is 1.6014615456263221 minutes
2020-09-13 23:29:23,816:INFO:Fitting Model
2020-09-13 23:29:27,052:INFO:Evaluating Metrics
2020-09-13 23:29:27,060:INFO:No inverse transformer found
2020-09-13 23:29:27,060:INFO:Compiling Metrics
2020-09-13 23:29:27,076:INFO:Initializing Fold 9
2020-09-13 23:29:27,077:INFO:Total runtime is 1.6560301303863523 minutes
2020-09-13 23:29:27,087:INFO:Fitting Model
2020-09-13 23:29:30,491:INFO:Evaluating Metrics
2020-09-13 23:29:30,497:INFO:No inverse transformer found
2020-09-13 23:29:30,497:INFO:Compiling Metrics
2020-09-13 23:29:30,509:INFO:Initializing Fold 10
2020-09-13 23:29:30,510:INFO:Total runtime is 1.7132471521695452 minutes
2020-09-13 23:29:30,521:INFO:Fitting Model
2020-09-13 23:29:33,728:INFO:Evaluating Metrics
2020-09-13 23:29:33,737:INFO:No inverse transformer found
2020-09-13 23:29:33,737:INFO:Compiling Metrics
2020-09-13 23:29:33,746:INFO:Calculating mean and std
2020-09-13 23:29:33,747:INFO:Creating metrics dataframe
2020-09-13 23:29:33,784:INFO:Finalizing top_n models
2020-09-13 23:29:33,784:INFO:SubProcess create_model() called ==================================
2020-09-13 23:29:33,794:INFO:Initializing create_model()
2020-09-13 23:29:33,794:INFO:create_model(estimator=xgboost, ensemble=False, method=None, fold=10, round=4, cross_validation=True, verbose=False, system=False)
2020-09-13 23:29:33,795:INFO:Checking exceptions
2020-09-13 23:29:33,795:INFO:Preloading libraries
2020-09-13 23:29:33,795:INFO:Preparing display monitor
2020-09-13 23:29:33,813:INFO:Copying training dataset
2020-09-13 23:29:33,814:INFO:Importing libraries
2020-09-13 23:29:33,816:INFO:Defining folds
2020-09-13 23:29:33,816:INFO:Declaring metric variables
2020-09-13 23:29:33,817:INFO:Extreme Gradient Boosting Regressor Imported succesfully
2020-09-13 23:29:33,818:INFO:Checking ensemble method
2020-09-13 23:29:33,820:INFO:Initializing Fold 1
2020-09-13 23:29:33,823:INFO:Fitting Model
2020-09-13 23:29:33,984:INFO:Evaluating Metrics
2020-09-13 23:29:33,986:INFO:No inverse transformation
2020-09-13 23:29:33,986:INFO:Compiling Metrics
2020-09-13 23:29:33,994:INFO:Initializing Fold 2
2020-09-13 23:29:33,995:INFO:Fitting Model
2020-09-13 23:29:34,160:INFO:Evaluating Metrics
2020-09-13 23:29:34,162:INFO:No inverse transformation
2020-09-13 23:29:34,162:INFO:Compiling Metrics
2020-09-13 23:29:34,172:INFO:Initializing Fold 3
2020-09-13 23:29:34,174:INFO:Fitting Model
2020-09-13 23:29:34,353:INFO:Evaluating Metrics
2020-09-13 23:29:34,356:INFO:No inverse transformation
2020-09-13 23:29:34,356:INFO:Compiling Metrics
2020-09-13 23:29:34,364:INFO:Initializing Fold 4
2020-09-13 23:29:34,367:INFO:Fitting Model
2020-09-13 23:29:34,531:INFO:Evaluating Metrics
2020-09-13 23:29:34,533:INFO:No inverse transformation
2020-09-13 23:29:34,533:INFO:Compiling Metrics
2020-09-13 23:29:34,540:INFO:Initializing Fold 5
2020-09-13 23:29:34,542:INFO:Fitting Model
2020-09-13 23:29:34,701:INFO:Evaluating Metrics
2020-09-13 23:29:34,704:INFO:No inverse transformation
2020-09-13 23:29:34,704:INFO:Compiling Metrics
2020-09-13 23:29:34,712:INFO:Initializing Fold 6
2020-09-13 23:29:34,714:INFO:Fitting Model
2020-09-13 23:29:34,886:INFO:Evaluating Metrics
2020-09-13 23:29:34,888:INFO:No inverse transformation
2020-09-13 23:29:34,888:INFO:Compiling Metrics
2020-09-13 23:29:34,896:INFO:Initializing Fold 7
2020-09-13 23:29:34,897:INFO:Fitting Model
2020-09-13 23:29:35,063:INFO:Evaluating Metrics
2020-09-13 23:29:35,066:INFO:No inverse transformation
2020-09-13 23:29:35,066:INFO:Compiling Metrics
2020-09-13 23:29:35,075:INFO:Initializing Fold 8
2020-09-13 23:29:35,077:INFO:Fitting Model
2020-09-13 23:29:35,242:INFO:Evaluating Metrics
2020-09-13 23:29:35,244:INFO:No inverse transformation
2020-09-13 23:29:35,244:INFO:Compiling Metrics
2020-09-13 23:29:35,252:INFO:Initializing Fold 9
2020-09-13 23:29:35,255:INFO:Fitting Model
2020-09-13 23:29:35,434:INFO:Evaluating Metrics
2020-09-13 23:29:35,437:INFO:No inverse transformation
2020-09-13 23:29:35,437:INFO:Compiling Metrics
2020-09-13 23:29:35,445:INFO:Initializing Fold 10
2020-09-13 23:29:35,447:INFO:Fitting Model
2020-09-13 23:29:35,623:INFO:Evaluating Metrics
2020-09-13 23:29:35,625:INFO:No inverse transformation
2020-09-13 23:29:35,625:INFO:Compiling Metrics
2020-09-13 23:29:35,633:INFO:Calculating mean and std
2020-09-13 23:29:35,635:INFO:Creating metrics dataframe
2020-09-13 23:29:35,641:INFO:Finalizing model
2020-09-13 23:29:35,808:INFO:Uploading results into container
2020-09-13 23:29:35,808:INFO:Uploading model into container
2020-09-13 23:29:35,808:INFO:create_model_container: 1
2020-09-13 23:29:35,808:INFO:master_model_container: 1
2020-09-13 23:29:35,809:INFO:display_container: 1
2020-09-13 23:29:35,809:INFO:XGBRegressor(base_score=0.5, booster='gbtree', colsample_bylevel=1,
             colsample_bynode=1, colsample_bytree=1, gamma=0,
             importance_type='gain', learning_rate=0.1, max_delta_step=0,
             max_depth=3, min_child_weight=1, missing=None, n_estimators=100,
             n_jobs=-1, nthread=None, objective='reg:linear', random_state=123,
             reg_alpha=0, reg_lambda=1, scale_pos_weight=1, seed=None,
             silent=None, subsample=1, verbosity=0)
2020-09-13 23:29:35,809:INFO:create_model() succesfully completed......................................
2020-09-13 23:29:35,810:INFO:SubProcess create_model() end ==================================
2020-09-13 23:29:36,074:INFO:create_model_container: 1
2020-09-13 23:29:36,074:INFO:master_model_container: 1
2020-09-13 23:29:36,075:INFO:display_container: 2
2020-09-13 23:29:36,076:INFO:XGBRegressor(base_score=0.5, booster='gbtree', colsample_bylevel=1,
             colsample_bynode=1, colsample_bytree=1, gamma=0,
             importance_type='gain', learning_rate=0.1, max_delta_step=0,
             max_depth=3, min_child_weight=1, missing=None, n_estimators=100,
             n_jobs=-1, nthread=None, objective='reg:linear', random_state=123,
             reg_alpha=0, reg_lambda=1, scale_pos_weight=1, seed=None,
             silent=None, subsample=1, verbosity=0)
2020-09-13 23:29:36,076:INFO:compare_models() succesfully completed......................................
2020-09-13 23:30:24,623:INFO:Initializing create_model()
2020-09-13 23:30:24,624:INFO:create_model(estimator=et	, ensemble=False, method=None, fold=10, round=4, cross_validation=True, verbose=True, system=True)
2020-09-13 23:30:24,624:INFO:Checking exceptions
2020-09-13 23:30:29,841:INFO:Initializing create_model()
2020-09-13 23:30:29,841:INFO:create_model(estimator=et, ensemble=False, method=None, fold=10, round=4, cross_validation=True, verbose=True, system=True)
2020-09-13 23:30:29,841:INFO:Checking exceptions
2020-09-13 23:30:29,841:INFO:Preloading libraries
2020-09-13 23:30:29,841:INFO:Preparing display monitor
2020-09-13 23:30:29,879:INFO:Copying training dataset
2020-09-13 23:30:29,880:INFO:Importing libraries
2020-09-13 23:30:29,881:INFO:Defining folds
2020-09-13 23:30:29,882:INFO:Declaring metric variables
2020-09-13 23:30:29,892:INFO:Extra Trees Regressor Imported succesfully
2020-09-13 23:30:29,893:INFO:Checking ensemble method
2020-09-13 23:30:29,904:INFO:Initializing Fold 1
2020-09-13 23:30:29,912:INFO:Fitting Model
2020-09-13 23:30:30,189:INFO:Evaluating Metrics
2020-09-13 23:30:30,297:INFO:No inverse transformation
2020-09-13 23:30:30,297:INFO:Compiling Metrics
2020-09-13 23:30:30,323:INFO:Initializing Fold 2
2020-09-13 23:30:30,332:INFO:Fitting Model
2020-09-13 23:30:30,592:INFO:Evaluating Metrics
2020-09-13 23:30:30,699:INFO:No inverse transformation
2020-09-13 23:30:30,699:INFO:Compiling Metrics
2020-09-13 23:30:30,723:INFO:Initializing Fold 3
2020-09-13 23:30:30,736:INFO:Fitting Model
2020-09-13 23:30:31,017:INFO:Evaluating Metrics
2020-09-13 23:30:31,124:INFO:No inverse transformation
2020-09-13 23:30:31,124:INFO:Compiling Metrics
2020-09-13 23:30:31,147:INFO:Initializing Fold 4
2020-09-13 23:30:31,157:INFO:Fitting Model
2020-09-13 23:30:31,448:INFO:Evaluating Metrics
2020-09-13 23:30:31,555:INFO:No inverse transformation
2020-09-13 23:30:31,555:INFO:Compiling Metrics
2020-09-13 23:30:31,578:INFO:Initializing Fold 5
2020-09-13 23:30:31,588:INFO:Fitting Model
2020-09-13 23:30:31,860:INFO:Evaluating Metrics
2020-09-13 23:30:31,968:INFO:No inverse transformation
2020-09-13 23:30:31,968:INFO:Compiling Metrics
2020-09-13 23:30:31,995:INFO:Initializing Fold 6
2020-09-13 23:30:32,007:INFO:Fitting Model
2020-09-13 23:30:32,282:INFO:Evaluating Metrics
2020-09-13 23:30:32,389:INFO:No inverse transformation
2020-09-13 23:30:32,389:INFO:Compiling Metrics
2020-09-13 23:30:32,414:INFO:Initializing Fold 7
2020-09-13 23:30:32,423:INFO:Fitting Model
2020-09-13 23:30:32,709:INFO:Evaluating Metrics
2020-09-13 23:30:32,818:INFO:No inverse transformation
2020-09-13 23:30:32,818:INFO:Compiling Metrics
2020-09-13 23:30:32,846:INFO:Initializing Fold 8
2020-09-13 23:30:32,855:INFO:Fitting Model
2020-09-13 23:30:33,117:INFO:Evaluating Metrics
2020-09-13 23:30:33,225:INFO:No inverse transformation
2020-09-13 23:30:33,225:INFO:Compiling Metrics
2020-09-13 23:30:33,253:INFO:Initializing Fold 9
2020-09-13 23:30:33,264:INFO:Fitting Model
2020-09-13 23:30:33,555:INFO:Evaluating Metrics
2020-09-13 23:30:33,662:INFO:No inverse transformation
2020-09-13 23:30:33,662:INFO:Compiling Metrics
2020-09-13 23:30:33,685:INFO:Initializing Fold 10
2020-09-13 23:30:33,694:INFO:Fitting Model
2020-09-13 23:30:33,982:INFO:Evaluating Metrics
2020-09-13 23:30:34,092:INFO:No inverse transformation
2020-09-13 23:30:34,092:INFO:Compiling Metrics
2020-09-13 23:30:34,121:INFO:Calculating mean and std
2020-09-13 23:30:34,123:INFO:Creating metrics dataframe
2020-09-13 23:30:34,139:INFO:Finalizing model
2020-09-13 23:30:34,518:INFO:Uploading results into container
2020-09-13 23:30:34,518:INFO:Uploading model into container
2020-09-13 23:30:34,561:INFO:create_model_container: 2
2020-09-13 23:30:34,561:INFO:master_model_container: 2
2020-09-13 23:30:34,561:INFO:display_container: 3
2020-09-13 23:30:34,562:INFO:ExtraTreesRegressor(bootstrap=False, ccp_alpha=0.0, criterion='mse',
                    max_depth=None, max_features='auto', max_leaf_nodes=None,
                    max_samples=None, min_impurity_decrease=0.0,
                    min_impurity_split=None, min_samples_leaf=1,
                    min_samples_split=2, min_weight_fraction_leaf=0.0,
                    n_estimators=100, n_jobs=-1, oob_score=False,
                    random_state=123, verbose=0, warm_start=False)
2020-09-13 23:30:34,563:INFO:create_model() succesfully completed......................................
2020-09-13 23:31:04,625:INFO:Initializing create_model()
2020-09-13 23:31:04,625:INFO:create_model(estimator=et, ensemble=False, method=None, fold=10, round=4, cross_validation=True, verbose=True, system=True)
2020-09-13 23:31:04,625:INFO:Checking exceptions
2020-09-13 23:31:04,625:INFO:Preloading libraries
2020-09-13 23:31:04,626:INFO:Preparing display monitor
2020-09-13 23:31:04,653:INFO:Copying training dataset
2020-09-13 23:31:04,654:INFO:Importing libraries
2020-09-13 23:31:04,656:INFO:Defining folds
2020-09-13 23:31:04,656:INFO:Declaring metric variables
2020-09-13 23:31:04,663:INFO:Extra Trees Regressor Imported succesfully
2020-09-13 23:31:04,663:INFO:Checking ensemble method
2020-09-13 23:31:04,672:INFO:Initializing Fold 1
2020-09-13 23:31:04,681:INFO:Fitting Model
2020-09-13 23:31:04,970:INFO:Evaluating Metrics
2020-09-13 23:31:05,078:INFO:No inverse transformation
2020-09-13 23:31:05,078:INFO:Compiling Metrics
2020-09-13 23:31:05,101:INFO:Initializing Fold 2
2020-09-13 23:31:05,110:INFO:Fitting Model
2020-09-13 23:31:05,393:INFO:Evaluating Metrics
2020-09-13 23:31:05,502:INFO:No inverse transformation
2020-09-13 23:31:05,502:INFO:Compiling Metrics
2020-09-13 23:31:05,525:INFO:Initializing Fold 3
2020-09-13 23:31:05,533:INFO:Fitting Model
2020-09-13 23:31:05,796:INFO:Evaluating Metrics
2020-09-13 23:31:05,905:INFO:No inverse transformation
2020-09-13 23:31:05,905:INFO:Compiling Metrics
2020-09-13 23:31:05,933:INFO:Initializing Fold 4
2020-09-13 23:31:05,945:INFO:Fitting Model
2020-09-13 23:31:06,220:INFO:Evaluating Metrics
2020-09-13 23:31:06,328:INFO:No inverse transformation
2020-09-13 23:31:06,328:INFO:Compiling Metrics
2020-09-13 23:31:06,353:INFO:Initializing Fold 5
2020-09-13 23:31:06,362:INFO:Fitting Model
2020-09-13 23:31:06,639:INFO:Evaluating Metrics
2020-09-13 23:31:06,747:INFO:No inverse transformation
2020-09-13 23:31:06,747:INFO:Compiling Metrics
2020-09-13 23:31:06,771:INFO:Initializing Fold 6
2020-09-13 23:31:06,781:INFO:Fitting Model
2020-09-13 23:31:07,041:INFO:Evaluating Metrics
2020-09-13 23:31:07,148:INFO:No inverse transformation
2020-09-13 23:31:07,148:INFO:Compiling Metrics
2020-09-13 23:31:07,173:INFO:Initializing Fold 7
2020-09-13 23:31:07,182:INFO:Fitting Model
2020-09-13 23:31:07,443:INFO:Evaluating Metrics
2020-09-13 23:31:07,552:INFO:No inverse transformation
2020-09-13 23:31:07,552:INFO:Compiling Metrics
2020-09-13 23:31:07,577:INFO:Initializing Fold 8
2020-09-13 23:31:07,587:INFO:Fitting Model
2020-09-13 23:31:07,849:INFO:Evaluating Metrics
2020-09-13 23:31:07,957:INFO:No inverse transformation
2020-09-13 23:31:07,957:INFO:Compiling Metrics
2020-09-13 23:31:07,985:INFO:Initializing Fold 9
2020-09-13 23:31:07,995:INFO:Fitting Model
2020-09-13 23:31:08,273:INFO:Evaluating Metrics
2020-09-13 23:31:08,381:INFO:No inverse transformation
2020-09-13 23:31:08,381:INFO:Compiling Metrics
2020-09-13 23:31:08,406:INFO:Initializing Fold 10
2020-09-13 23:31:08,415:INFO:Fitting Model
2020-09-13 23:31:08,675:INFO:Evaluating Metrics
2020-09-13 23:31:08,783:INFO:No inverse transformation
2020-09-13 23:31:08,783:INFO:Compiling Metrics
2020-09-13 23:31:08,813:INFO:Calculating mean and std
2020-09-13 23:31:08,815:INFO:Creating metrics dataframe
2020-09-13 23:31:08,826:INFO:Finalizing model
2020-09-13 23:31:09,189:INFO:Uploading results into container
2020-09-13 23:31:09,189:INFO:Uploading model into container
2020-09-13 23:31:09,231:INFO:create_model_container: 3
2020-09-13 23:31:09,231:INFO:master_model_container: 3
2020-09-13 23:31:09,231:INFO:display_container: 4
2020-09-13 23:31:09,232:INFO:ExtraTreesRegressor(bootstrap=False, ccp_alpha=0.0, criterion='mse',
                    max_depth=None, max_features='auto', max_leaf_nodes=None,
                    max_samples=None, min_impurity_decrease=0.0,
                    min_impurity_split=None, min_samples_leaf=1,
                    min_samples_split=2, min_weight_fraction_leaf=0.0,
                    n_estimators=100, n_jobs=-1, oob_score=False,
                    random_state=123, verbose=0, warm_start=False)
2020-09-13 23:31:09,233:INFO:create_model() succesfully completed......................................
2020-09-13 23:31:13,150:INFO:Initializing plot_model()
2020-09-13 23:31:13,151:INFO:plot_model(estimator=ExtraTreesRegressor(bootstrap=False, ccp_alpha=0.0, criterion='mse',
                    max_depth=None, max_features='auto', max_leaf_nodes=None,
                    max_samples=None, min_impurity_decrease=0.0,
                    min_impurity_split=None, min_samples_leaf=1,
                    min_samples_split=2, min_weight_fraction_leaf=0.0,
                    n_estimators=100, n_jobs=-1, oob_score=False,
                    random_state=123, verbose=0, warm_start=False), plot=residuals, save=False, verbose=True, system=True)
2020-09-13 23:31:13,151:INFO:Checking exceptions
2020-09-13 23:31:13,256:INFO:Preloading libraries
2020-09-13 23:31:13,256:INFO:Preparing display monitor
2020-09-13 23:31:13,266:INFO:Importing libraries
2020-09-13 23:31:13,267:INFO:plot type: residuals
2020-09-13 23:31:13,655:INFO:Fitting Model
2020-09-13 23:31:13,953:INFO:Scoring test/hold-out set
2020-09-13 23:31:15,211:INFO:Visual Rendered Successfully
2020-09-13 23:31:15,211:INFO:plot_model() succesfully completed......................................
2020-09-13 23:32:09,506:INFO:Initializing save_model()
2020-09-13 23:32:09,507:INFO:save_model(model=ExtraTreesRegressor(bootstrap=False, ccp_alpha=0.0, criterion='mse',
                    max_depth=None, max_features='auto', max_leaf_nodes=None,
                    max_samples=None, min_impurity_decrease=0.0,
                    min_impurity_split=None, min_samples_leaf=1,
                    min_samples_split=2, min_weight_fraction_leaf=0.0,
                    n_estimators=100, n_jobs=-1, oob_score=False,
                    random_state=123, verbose=0, warm_start=False), model_name=deployment_13092020, model_only=False, verbose=True)
2020-09-13 23:32:09,767:INFO:deployment_13092020.pkl saved in current working directory
2020-09-13 23:32:09,776:INFO:Pipeline(memory=None,
         steps=[('dtypes',
                 DataTypes_Auto_infer(categorical_features=[],
                                      display_types=True, features_todrop=[],
                                      ml_usecase='regression',
                                      numerical_features=[], target='charges',
                                      time_features=[])),
                ('imputer',
                 Simple_Imputer(categorical_strategy='not_available',
                                numeric_strategy='mean',
                                target_variable=None)),
                ('new_levels1',
                 New_Catagorical_Levels...
                 ExtraTreesRegressor(bootstrap=False, ccp_alpha=0.0,
                                     criterion='mse', max_depth=None,
                                     max_features='auto', max_leaf_nodes=None,
                                     max_samples=None,
                                     min_impurity_decrease=0.0,
                                     min_impurity_split=None,
                                     min_samples_leaf=1, min_samples_split=2,
                                     min_weight_fraction_leaf=0.0,
                                     n_estimators=100, n_jobs=-1,
                                     oob_score=False, random_state=123,
                                     verbose=0, warm_start=False)]],
         verbose=False)
2020-09-13 23:32:09,776:INFO:save_model() succesfully completed......................................
2020-09-13 23:32:28,092:INFO:Initializing save_model()
2020-09-13 23:32:28,093:INFO:save_model(model=ExtraTreesRegressor(bootstrap=False, ccp_alpha=0.0, criterion='mse',
                    max_depth=None, max_features='auto', max_leaf_nodes=None,
                    max_samples=None, min_impurity_decrease=0.0,
                    min_impurity_split=None, min_samples_leaf=1,
                    min_samples_split=2, min_weight_fraction_leaf=0.0,
                    n_estimators=100, n_jobs=-1, oob_score=False,
                    random_state=123, verbose=0, warm_start=False), model_name=deployment1_13092020, model_only=False, verbose=True)
2020-09-13 23:32:28,209:INFO:deployment1_13092020.pkl saved in current working directory
2020-09-13 23:32:28,218:INFO:Pipeline(memory=None,
         steps=[('dtypes',
                 DataTypes_Auto_infer(categorical_features=[],
                                      display_types=True, features_todrop=[],
                                      ml_usecase='regression',
                                      numerical_features=[], target='charges',
                                      time_features=[])),
                ('imputer',
                 Simple_Imputer(categorical_strategy='not_available',
                                numeric_strategy='mean',
                                target_variable=None)),
                ('new_levels1',
                 New_Catagorical_Levels...
                 ExtraTreesRegressor(bootstrap=False, ccp_alpha=0.0,
                                     criterion='mse', max_depth=None,
                                     max_features='auto', max_leaf_nodes=None,
                                     max_samples=None,
                                     min_impurity_decrease=0.0,
                                     min_impurity_split=None,
                                     min_samples_leaf=1, min_samples_split=2,
                                     min_weight_fraction_leaf=0.0,
                                     n_estimators=100, n_jobs=-1,
                                     oob_score=False, random_state=123,
                                     verbose=0, warm_start=False)]],
         verbose=False)
2020-09-13 23:32:28,218:INFO:save_model() succesfully completed......................................
